

================================================================
== Vivado HLS Report for 'calcResidual'
================================================================
* Date:           Thu May 23 17:57:33 2019

* Version:        2018.3 (Build 2405991 on Thu Dec 06 23:56:15 MST 2018)
* Project:        lr_standaloneHLS
* Solution:       solution1
* Product family: kintexu
* Target device:  xcku115-flvb2104-2-e


================================================================
== Performance Estimates
================================================================
+ Timing (ns): 
    * Summary: 
    +--------+-------+----------+------------+
    |  Clock | Target| Estimated| Uncertainty|
    +--------+-------+----------+------------+
    |ap_clk  |  10.00|     9.071|        1.25|
    +--------+-------+----------+------------+

+ Latency (clock cycles): 
    * Summary: 
    +-----+-----+-----+-----+---------+
    |  Latency  |  Interval | Pipeline|
    | min | max | min | max |   Type  |
    +-----+-----+-----+-----+---------+
    |    ?|    ?|    ?|    ?|   none  |
    +-----+-----+-----+-----+---------+

    + Detail: 
        * Instance: 
        +----------------------+-----------+-----+-----+-----+-----+---------+
        |                      |           |  Latency  |  Interval | Pipeline|
        |       Instance       |   Module  | min | max | min | max |   Type  |
        +----------------------+-----------+-----+-----+-----+-----+---------+
        |grp_push_back_fu_958  |push_back  |    4|    4|    4|    4|   none  |
        +----------------------+-----------+-----+-----+-----+-----+---------+

        * Loop: 
        +-----------------+-----+-----+----------+-----------+-----------+------+----------+
        |                 |  Latency  | Iteration|  Initiation Interval  | Trip |          |
        |    Loop Name    | min | max |  Latency |  achieved |   target  | Count| Pipelined|
        +-----------------+-----+-----+----------+-----------+-----------+------+----------+
        |- Loop 1         |    ?|    ?|         ?|          -|          -|     ?|    no    |
        | + Loop 1.1      |    ?|    ?|         ?|          -|          -|     ?|    no    |
        |  ++ Loop 1.1.1  |    ?|    ?|         2|          -|          -|     ?|    no    |
        |  ++ Loop 1.1.2  |    9|    9|         1|          -|          -|    10|    no    |
        +-----------------+-----+-----+----------+-----------+-----------+------+----------+



================================================================
== Utilization Estimates
================================================================
* Summary: 
+---------------------+---------+-------+---------+--------+
|         Name        | BRAM_18K| DSP48E|    FF   |   LUT  |
+---------------------+---------+-------+---------+--------+
|DSP                  |        -|      -|        -|       -|
|Expression           |        -|      -|        0|     991|
|FIFO                 |        -|      -|        -|       -|
|Instance             |        -|     20|     3867|    6722|
|Memory               |        0|      -|      134|      13|
|Multiplexer          |        -|      -|        -|    1703|
|Register             |        -|      -|     1934|       -|
+---------------------+---------+-------+---------+--------+
|Total                |        0|     20|     5935|    9429|
+---------------------+---------+-------+---------+--------+
|Available SLR        |     2160|   2760|   663360|  331680|
+---------------------+---------+-------+---------+--------+
|Utilization SLR (%)  |        0|   ~0  |    ~0   |       2|
+---------------------+---------+-------+---------+--------+
|Available            |     4320|   5520|  1326720|  663360|
+---------------------+---------+-------+---------+--------+
|Utilization (%)      |        0|   ~0  |    ~0   |       1|
+---------------------+---------+-------+---------+--------+

+ Detail: 
    * Instance: 
    +-----------------------------------------------------+------------------------------------------------+---------+-------+------+------+
    |                       Instance                      |                     Module                     | BRAM_18K| DSP48E|  FF  |  LUT |
    +-----------------------------------------------------+------------------------------------------------+---------+-------+------+------+
    |LRupdateHLS_ddiv_64ns_64ns_64_17_1_U302              |LRupdateHLS_ddiv_64ns_64ns_64_17_1              |        0|      0|  1710|  3253|
    |LRupdateHLS_faddfsub_32ns_32ns_32_4_full_dsp_1_U291  |LRupdateHLS_faddfsub_32ns_32ns_32_4_full_dsp_1  |        0|      2|   227|   214|
    |LRupdateHLS_faddfsub_32ns_32ns_32_4_full_dsp_1_U292  |LRupdateHLS_faddfsub_32ns_32ns_32_4_full_dsp_1  |        0|      2|   227|   214|
    |LRupdateHLS_fcmp_32ns_32ns_1_1_1_U300                |LRupdateHLS_fcmp_32ns_32ns_1_1_1                |        0|      0|    66|    72|
    |LRupdateHLS_fcmp_32ns_32ns_1_1_1_U301                |LRupdateHLS_fcmp_32ns_32ns_1_1_1                |        0|      0|    66|    72|
    |LRupdateHLS_fdiv_32ns_32ns_32_8_1_U297               |LRupdateHLS_fdiv_32ns_32ns_32_8_1               |        0|      0|   363|   802|
    |LRupdateHLS_fmul_32ns_32ns_32_2_max_dsp_1_U293       |LRupdateHLS_fmul_32ns_32ns_32_2_max_dsp_1       |        0|      3|   128|   135|
    |LRupdateHLS_fmul_32ns_32ns_32_2_max_dsp_1_U294       |LRupdateHLS_fmul_32ns_32ns_32_2_max_dsp_1       |        0|      3|   128|   135|
    |LRupdateHLS_fmul_32ns_32ns_32_2_max_dsp_1_U295       |LRupdateHLS_fmul_32ns_32ns_32_2_max_dsp_1       |        0|      3|   128|   135|
    |LRupdateHLS_fmul_32ns_32ns_32_2_max_dsp_1_U296       |LRupdateHLS_fmul_32ns_32ns_32_2_max_dsp_1       |        0|      3|   128|   135|
    |LRupdateHLS_fpext_32ns_64_1_1_U299                   |LRupdateHLS_fpext_32ns_64_1_1                   |        0|      0|   100|   138|
    |LRupdateHLS_fptrunc_64ns_32_1_1_U298                 |LRupdateHLS_fptrunc_64ns_32_1_1                 |        0|      0|   128|    94|
    |LRupdateHLS_fsub_32ns_32ns_32_4_full_dsp_1_U289      |LRupdateHLS_fsub_32ns_32ns_32_4_full_dsp_1      |        0|      2|   227|   214|
    |LRupdateHLS_fsub_32ns_32ns_32_4_full_dsp_1_U290      |LRupdateHLS_fsub_32ns_32ns_32_4_full_dsp_1      |        0|      2|   227|   214|
    |grp_push_back_fu_958                                 |push_back                                       |        0|      0|    14|   895|
    +-----------------------------------------------------+------------------------------------------------+---------+-------+------+------+
    |Total                                                |                                                |        0|     20|  3867|  6722|
    +-----------------------------------------------------+------------------------------------------------+---------+-------+------+------+

    * DSP48: 
    N/A

    * Memory: 
    +-----------------------+----------------------------+---------+----+----+------+-----+------+-------------+
    |         Memory        |           Module           | BRAM_18K| FF | LUT| Words| Bits| Banks| W*Bits*Banks|
    +-----------------------+----------------------------+---------+----+----+------+-----+------+-------------+
    |b_data_phi_assign_U    |initFit_b_data_settings_ch  |        0|  64|   5|    10|   32|     1|          320|
    |b_data_z_assign_U      |initFit_b_data_settings_ch  |        0|  64|   5|    10|   32|     1|          320|
    |b_data_layerId_assi_U  |initFit_b_data_settings_mi  |        0|   2|   1|    10|    1|     1|           10|
    |b_data_stubId_assig_U  |initFit_b_data_settings_mi  |        0|   2|   1|    10|    1|     1|           10|
    |b_data_ps_assign_U     |initFit_b_data_settings_mi  |        0|   2|   1|    10|    1|     1|           10|
    +-----------------------+----------------------------+---------+----+----+------+-----+------+-------------+
    |Total                  |                            |        0| 134|  13|    50|   67|     5|          670|
    +-----------------------+----------------------------+---------+----+----+------+-----+------+-------------+

    * FIFO: 
    N/A

    * Expression: 
    +----------------------------------+----------+-------+---+----+------------+------------+
    |           Variable Name          | Operation| DSP48E| FF| LUT| Bitwidth P0| Bitwidth P1|
    +----------------------------------+----------+-------+---+----+------------+------------+
    |arrayHLS_size_write_fu_1732_p2    |     +    |      0|  0|  39|           1|          32|
    |i_fu_1638_p2                      |     +    |      0|  0|  39|          32|           1|
    |p_rec1_fu_1253_p2                 |     +    |      0|  0|  39|           1|          32|
    |stubId_fu_1288_p2                 |     +    |      0|  0|  39|           1|          32|
    |tmp_577_fu_1242_p2                |     +    |      0|  0|  17|          10|          10|
    |tmp_578_fu_1269_p2                |     +    |      0|  0|  17|          10|          10|
    |tmp_579_fu_1707_p2                |     +    |      0|  0|  22|          10|          10|
    |tmp_580_fu_1717_p2                |     +    |      0|  0|  22|          10|          10|
    |tmp_78_fu_1654_p2                 |     +    |      0|  0|  12|           4|           1|
    |ap_block_state98_on_subcall_done  |    and   |      0|  0|   2|           1|           1|
    |tmp_101_fu_1183_p2                |    and   |      0|  0|   2|           1|           1|
    |tmp_106_fu_1330_p2                |    and   |      0|  0|   2|           1|           1|
    |tmp_111_fu_1391_p2                |    and   |      0|  0|   2|           1|           1|
    |tmp_116_fu_1441_p2                |    and   |      0|  0|   2|           1|           1|
    |tmp_121_fu_1502_p2                |    and   |      0|  0|   2|           1|           1|
    |tmp_126_fu_1551_p2                |    and   |      0|  0|   2|           1|           1|
    |tmp_131_fu_1610_p2                |    and   |      0|  0|   2|           1|           1|
    |notlhs1_fu_1312_p2                |   icmp   |      0|  0|  11|           8|           2|
    |notlhs2_fu_1373_p2                |   icmp   |      0|  0|  11|           8|           2|
    |notlhs3_fu_1423_p2                |   icmp   |      0|  0|  11|           8|           2|
    |notlhs4_fu_1484_p2                |   icmp   |      0|  0|  11|           8|           2|
    |notlhs5_fu_1533_p2                |   icmp   |      0|  0|  11|           8|           2|
    |notlhs6_fu_1592_p2                |   icmp   |      0|  0|  11|           8|           2|
    |notlhs_fu_1165_p2                 |   icmp   |      0|  0|  11|           8|           2|
    |notrhs1_fu_1539_p2                |   icmp   |      0|  0|  20|          23|           1|
    |notrhs2_fu_1598_p2                |   icmp   |      0|  0|  20|          23|           1|
    |notrhs6_fu_1318_p2                |   icmp   |      0|  0|  20|          23|           1|
    |notrhs7_fu_1379_p2                |   icmp   |      0|  0|  20|          23|           1|
    |notrhs8_fu_1429_p2                |   icmp   |      0|  0|  20|          23|           1|
    |notrhs9_fu_1490_p2                |   icmp   |      0|  0|  20|          23|           1|
    |notrhs_fu_1171_p2                 |   icmp   |      0|  0|  20|          23|           1|
    |tmp_53_fu_1283_p2                 |   icmp   |      0|  0|  20|          32|          32|
    |tmp_74_fu_1633_p2                 |   icmp   |      0|  0|  20|          32|          32|
    |tmp_76_fu_1649_p2                 |   icmp   |      0|  0|  20|          32|          32|
    |tmp_80_fu_1669_p2                 |   icmp   |      0|  0|   9|           4|           4|
    |tmp_i_fu_1259_p2                  |   icmp   |      0|  0|  20|          32|           1|
    |tmp_s_fu_1248_p2                  |   icmp   |      0|  0|  20|          32|          32|
    |tmp_104_fu_1324_p2                |    or    |      0|  0|   2|           1|           1|
    |tmp_109_fu_1385_p2                |    or    |      0|  0|   2|           1|           1|
    |tmp_114_fu_1435_p2                |    or    |      0|  0|   2|           1|           1|
    |tmp_119_fu_1496_p2                |    or    |      0|  0|   2|           1|           1|
    |tmp_124_fu_1545_p2                |    or    |      0|  0|   2|           1|           1|
    |tmp_129_fu_1604_p2                |    or    |      0|  0|   2|           1|           1|
    |tmp_99_fu_1177_p2                 |    or    |      0|  0|   2|           1|           1|
    |a_assign_3_fu_1199_p3             |  select  |      0|  0|  32|           1|          32|
    |p_0_i_i_fu_1397_p3                |  select  |      0|  0|  32|           1|          32|
    |p_0_i_i_i5_fu_1457_p3             |  select  |      0|  0|  32|           1|          32|
    |p_0_i_i_i_fu_1346_p3              |  select  |      0|  0|  32|           1|          32|
    |phiResid_fu_1508_p3               |  select  |      0|  0|  32|           1|          32|
    |phi_assign_fu_1567_p3             |  select  |      0|  0|  32|           1|          32|
    |resid_z_2_fu_1626_p3              |  select  |      0|  0|  32|           1|          32|
    |tmp_neg_i1_fu_1189_p2             |    xor   |      0|  0|  33|          33|          32|
    |tmp_neg_i2_fu_1616_p2             |    xor   |      0|  0|  33|          32|          33|
    |tmp_neg_i_fu_1557_p2              |    xor   |      0|  0|  33|          32|          33|
    |tmp_neg_i_i_i3_fu_1447_p2         |    xor   |      0|  0|  33|          32|          33|
    |tmp_neg_i_i_i_fu_1336_p2          |    xor   |      0|  0|  33|          32|          33|
    +----------------------------------+----------+-------+---+----+------------+------------+
    |Total                             |          |      0|  0| 991|         643|         695|
    +----------------------------------+----------+-------+---+----+------------+------------+

    * Multiplexer: 
    +--------------------------------------------------------------+-----+-----------+-----+-----------+
    |                             Name                             | LUT | Input Size| Bits| Total Bits|
    +--------------------------------------------------------------+-----+-----------+-----+-----------+
    |LinearRegression_residuals_data_first_address0                |   15|          3|    5|         15|
    |LinearRegression_residuals_data_first_ce0                     |   15|          3|    1|          3|
    |LinearRegression_residuals_data_first_we0                     |    9|          2|    1|          2|
    |LinearRegression_residuals_data_second_data_layerId_address0  |   15|          3|    9|         27|
    |LinearRegression_residuals_data_second_data_layerId_ce0       |   15|          3|    1|          3|
    |LinearRegression_residuals_data_second_data_layerId_ce1       |    9|          2|    1|          2|
    |LinearRegression_residuals_data_second_data_layerId_d0        |   15|          3|   32|         96|
    |LinearRegression_residuals_data_second_data_layerId_we0       |   15|          3|    1|          3|
    |LinearRegression_residuals_data_second_data_layerId_we1       |    9|          2|    1|          2|
    |LinearRegression_residuals_data_second_data_phi_address0      |   15|          3|    9|         27|
    |LinearRegression_residuals_data_second_data_phi_ce0           |   15|          3|    1|          3|
    |LinearRegression_residuals_data_second_data_phi_ce1           |    9|          2|    1|          2|
    |LinearRegression_residuals_data_second_data_phi_d0            |   15|          3|   32|         96|
    |LinearRegression_residuals_data_second_data_phi_we0           |   15|          3|    1|          3|
    |LinearRegression_residuals_data_second_data_phi_we1           |    9|          2|    1|          2|
    |LinearRegression_residuals_data_second_data_ps_address0       |   15|          3|    9|         27|
    |LinearRegression_residuals_data_second_data_ps_ce0            |   15|          3|    1|          3|
    |LinearRegression_residuals_data_second_data_ps_ce1            |    9|          2|    1|          2|
    |LinearRegression_residuals_data_second_data_ps_d0             |   15|          3|    1|          3|
    |LinearRegression_residuals_data_second_data_ps_we0            |   15|          3|    1|          3|
    |LinearRegression_residuals_data_second_data_ps_we1            |    9|          2|    1|          2|
    |LinearRegression_residuals_data_second_data_stubId_address0   |   15|          3|    9|         27|
    |LinearRegression_residuals_data_second_data_stubId_ce0        |   15|          3|    1|          3|
    |LinearRegression_residuals_data_second_data_stubId_ce1        |    9|          2|    1|          2|
    |LinearRegression_residuals_data_second_data_stubId_d0         |   15|          3|   32|         96|
    |LinearRegression_residuals_data_second_data_stubId_we0        |   15|          3|    1|          3|
    |LinearRegression_residuals_data_second_data_stubId_we1        |    9|          2|    1|          2|
    |LinearRegression_residuals_data_second_data_z_address0        |   15|          3|    9|         27|
    |LinearRegression_residuals_data_second_data_z_ce0             |   15|          3|    1|          3|
    |LinearRegression_residuals_data_second_data_z_ce1             |    9|          2|    1|          2|
    |LinearRegression_residuals_data_second_data_z_d0              |   15|          3|   32|         96|
    |LinearRegression_residuals_data_second_data_z_we0             |   15|          3|    1|          3|
    |LinearRegression_residuals_data_second_data_z_we1             |    9|          2|    1|          2|
    |LinearRegression_residuals_data_second_size_s_address0        |   21|          4|    5|         20|
    |LinearRegression_residuals_data_second_size_s_ce0             |   15|          3|    1|          3|
    |LinearRegression_residuals_data_second_size_s_d0              |   15|          3|   32|         96|
    |LinearRegression_residuals_data_second_size_s_we0             |   15|          3|    1|          3|
    |ap_NS_fsm                                                     |  445|        101|    1|        101|
    |ap_phi_mux_tmp_69_phi_fu_907_p4                               |    9|          2|   32|         64|
    |b_data_layerId_assi_address0                                  |   38|          7|    4|         28|
    |b_data_layerId_assi_address1                                  |   33|          6|    4|         24|
    |b_data_phi_assign_address0                                    |   38|          7|    4|         28|
    |b_data_phi_assign_address1                                    |   33|          6|    4|         24|
    |b_data_ps_assign_address0                                     |   38|          7|    4|         28|
    |b_data_ps_assign_address1                                     |   33|          6|    4|         24|
    |b_data_stubId_assig_address0                                  |   38|          7|    4|         28|
    |b_data_stubId_assig_address1                                  |   33|          6|    4|         24|
    |b_data_z_assign_address0                                      |   38|          7|    4|         28|
    |b_data_z_assign_address1                                      |   33|          6|    4|         24|
    |grp_fu_1038_p0                                                |   27|          5|   32|        160|
    |grp_fu_1038_p1                                                |   27|          5|   32|        160|
    |grp_fu_1043_p0                                                |   15|          3|   32|         96|
    |grp_fu_1043_p1                                                |   15|          3|   32|         96|
    |grp_fu_1048_opcode                                            |   15|          3|    2|          6|
    |grp_fu_1048_p0                                                |   15|          3|   32|         96|
    |grp_fu_1048_p1                                                |   15|          3|   32|         96|
    |grp_fu_1053_opcode                                            |   15|          3|    2|          6|
    |grp_fu_1053_p0                                                |   15|          3|   32|         96|
    |grp_fu_1053_p1                                                |   15|          3|   32|         96|
    |grp_fu_1058_p0                                                |   15|          3|   32|         96|
    |grp_fu_1058_p1                                                |   21|          4|   32|        128|
    |grp_fu_1076_p0                                                |   15|          3|   32|         96|
    |grp_fu_1076_p1                                                |   15|          3|   32|         96|
    |grp_fu_1082_p0                                                |   15|          3|   64|        192|
    |grp_fu_1086_p0                                                |   15|          3|   32|         96|
    |grp_fu_1090_p0                                                |   27|          5|   32|        160|
    |grp_fu_1096_p0                                                |   15|          3|   32|         96|
    |grp_fu_1101_p1                                                |   15|          3|   64|        192|
    |i_0_i_reg_925                                                 |    9|          2|   32|         64|
    |p_begin_0_rec_reg_880                                         |    9|          2|   32|         64|
    |p_pn_in_i_reg_948                                             |    9|          2|   32|         64|
    |resid_stubId_reg_891                                          |    9|          2|   32|         64|
    |resid_z_reg_914                                               |    9|          2|   32|         64|
    |temp_fu_124                                                   |    9|          2|   32|         64|
    |tmp_69_reg_904                                                |    9|          2|   32|         64|
    |tmp_77_reg_937                                                |    9|          2|    4|          8|
    +--------------------------------------------------------------+-----+-----------+-----+-----------+
    |Total                                                         | 1703|        349| 1153|       3655|
    +--------------------------------------------------------------+-----+-----------+-----+-----------+

    * Register: 
    +-----------------------------------+-----+----+-----+-----------+
    |                Name               |  FF | LUT| Bits| Const Bits|
    +-----------------------------------+-----+----+-----+-----------+
    |LinearRegression_res_18_reg_2510   |    5|   0|    5|          0|
    |LinearRegression_stu_413_reg_2061  |    5|   0|    5|          0|
    |LinearRegression_stu_415_reg_2079  |   32|   0|   32|          0|
    |LinearRegression_stu_424_reg_2149  |    1|   0|    1|          0|
    |a_assign_3_reg_2051                |   32|   0|   32|          0|
    |ap_CS_fsm                          |  100|   0|  100|          0|
    |b_data_layerId_assi_12_reg_2260    |    1|   0|    1|          0|
    |b_data_layerId_assi_13_reg_2285    |    1|   0|    1|          0|
    |b_data_layerId_assi_14_reg_2310    |    1|   0|    1|          0|
    |b_data_layerId_assi_15_reg_2335    |    1|   0|    1|          0|
    |b_data_layerId_assi_16_reg_2360    |    1|   0|    1|          0|
    |b_data_layerId_assi_17_reg_2385    |    1|   0|    1|          0|
    |b_data_layerId_assi_18_reg_2410    |    1|   0|    1|          0|
    |b_data_layerId_assi_19_reg_2435    |    1|   0|    1|          0|
    |b_data_layerId_assi_20_reg_2460    |    1|   0|    1|          0|
    |b_data_layerId_assi_21_reg_2485    |    1|   0|    1|          0|
    |b_data_phi_assign_l_1_reg_2275     |   32|   0|   32|          0|
    |b_data_phi_assign_l_2_reg_2300     |   32|   0|   32|          0|
    |b_data_phi_assign_l_3_reg_2325     |   32|   0|   32|          0|
    |b_data_phi_assign_l_4_reg_2350     |   32|   0|   32|          0|
    |b_data_phi_assign_l_5_reg_2375     |   32|   0|   32|          0|
    |b_data_phi_assign_l_6_reg_2400     |   32|   0|   32|          0|
    |b_data_phi_assign_l_7_reg_2425     |   32|   0|   32|          0|
    |b_data_phi_assign_l_8_reg_2450     |   32|   0|   32|          0|
    |b_data_phi_assign_l_9_reg_2475     |   32|   0|   32|          0|
    |b_data_phi_assign_l_reg_2250       |   32|   0|   32|          0|
    |b_data_ps_assign_lo_1_reg_2295     |    1|   0|    1|          0|
    |b_data_ps_assign_lo_2_reg_2320     |    1|   0|    1|          0|
    |b_data_ps_assign_lo_3_reg_2345     |    1|   0|    1|          0|
    |b_data_ps_assign_lo_4_reg_2370     |    1|   0|    1|          0|
    |b_data_ps_assign_lo_5_reg_2395     |    1|   0|    1|          0|
    |b_data_ps_assign_lo_6_reg_2420     |    1|   0|    1|          0|
    |b_data_ps_assign_lo_7_reg_2445     |    1|   0|    1|          0|
    |b_data_ps_assign_lo_8_reg_2470     |    1|   0|    1|          0|
    |b_data_ps_assign_lo_9_reg_2495     |    1|   0|    1|          0|
    |b_data_ps_assign_lo_reg_2270       |    1|   0|    1|          0|
    |b_data_stubId_assig_12_reg_2265    |    1|   0|    1|          0|
    |b_data_stubId_assig_13_reg_2290    |    1|   0|    1|          0|
    |b_data_stubId_assig_14_reg_2315    |    1|   0|    1|          0|
    |b_data_stubId_assig_15_reg_2340    |    1|   0|    1|          0|
    |b_data_stubId_assig_16_reg_2365    |    1|   0|    1|          0|
    |b_data_stubId_assig_17_reg_2390    |    1|   0|    1|          0|
    |b_data_stubId_assig_18_reg_2415    |    1|   0|    1|          0|
    |b_data_stubId_assig_19_reg_2440    |    1|   0|    1|          0|
    |b_data_stubId_assig_20_reg_2465    |    1|   0|    1|          0|
    |b_data_stubId_assig_21_reg_2490    |    1|   0|    1|          0|
    |b_data_z_assign_loa_1_reg_2280     |   32|   0|   32|          0|
    |b_data_z_assign_loa_2_reg_2305     |   32|   0|   32|          0|
    |b_data_z_assign_loa_3_reg_2330     |   32|   0|   32|          0|
    |b_data_z_assign_loa_4_reg_2355     |   32|   0|   32|          0|
    |b_data_z_assign_loa_5_reg_2380     |   32|   0|   32|          0|
    |b_data_z_assign_loa_6_reg_2405     |   32|   0|   32|          0|
    |b_data_z_assign_loa_7_reg_2430     |   32|   0|   32|          0|
    |b_data_z_assign_loa_8_reg_2455     |   32|   0|   32|          0|
    |b_data_z_assign_loa_9_reg_2480     |   32|   0|   32|          0|
    |b_data_z_assign_loa_reg_2255       |   32|   0|   32|          0|
    |grp_push_back_fu_958_ap_start_reg  |    1|   0|    1|          0|
    |i_0_i_reg_925                      |   32|   0|   32|          0|
    |i_reg_2229                         |   32|   0|   32|          0|
    |p_0_i_i_reg_2175                   |   32|   0|   32|          0|
    |p_begin_0_rec_reg_880              |   32|   0|   32|          0|
    |p_pn_in_i_reg_948                  |   32|   0|   32|          0|
    |p_rec1_reg_2069                    |   32|   0|   32|          0|
    |phiResid_reg_2180                  |   32|   0|   32|          0|
    |reg_1110                           |   32|   0|   32|          0|
    |reg_1118                           |   32|   0|   32|          0|
    |reg_1123                           |   32|   0|   32|          0|
    |reg_1130                           |   32|   0|   32|          0|
    |reg_1136                           |   32|   0|   32|          0|
    |reg_1142                           |   64|   0|   64|          0|
    |resid_layerId_reg_2198             |   32|   0|   32|          0|
    |resid_phi_reg_2205                 |   32|   0|   32|          0|
    |resid_ps_reg_2144                  |    1|   0|    1|          0|
    |resid_stubId_reg_891               |   32|   0|   32|          0|
    |resid_z_1_reg_2210                 |   32|   0|   32|          0|
    |resid_z_2_reg_2187                 |   32|   0|   32|          0|
    |resid_z_reg_914                    |   32|   0|   32|          0|
    |stubId_reg_2123                    |   32|   0|   32|          0|
    |temp_7_reg_2088                    |   32|   0|   32|          0|
    |temp_fu_124                        |   32|   0|   32|          0|
    |tmp_577_reg_2056                   |    9|   0|   10|          1|
    |tmp_606_reg_2500                   |    7|   0|    7|          0|
    |tmp_607_reg_2505                   |    9|   0|    9|          0|
    |tmp_60_reg_2153                    |   32|   0|   32|          0|
    |tmp_62_reg_2158                    |   32|   0|   32|          0|
    |tmp_64_reg_2163                    |   32|   0|   32|          0|
    |tmp_68_reg_2193                    |   64|   0|   64|          0|
    |tmp_69_reg_904                     |   32|   0|   32|          0|
    |tmp_71_reg_2220                    |   64|   0|   64|          0|
    |tmp_73_reg_2215                    |   32|   0|   32|          0|
    |tmp_74_reg_2225                    |    1|   0|    1|          0|
    |tmp_77_reg_937                     |    4|   0|    4|          0|
    |tmp_i_reg_2084                     |    1|   0|    1|          0|
    |zResid_reg_2168                    |   32|   0|   32|          0|
    +-----------------------------------+-----+----+-----+-----------+
    |Total                              | 1934|   0| 1935|          1|
    +-----------------------------------+-----+----+-----+-----------+



================================================================
== Interface
================================================================
* Summary: 
+---------------------------------------------------------------+-----+-----+------------+------------------------------------------------------+--------------+
|                           RTL Ports                           | Dir | Bits|  Protocol  |                     Source Object                    |    C Type    |
+---------------------------------------------------------------+-----+-----+------------+------------------------------------------------------+--------------+
|ap_clk                                                         |  in |    1| ap_ctrl_hs |                     calcResidual                     | return value |
|ap_rst                                                         |  in |    1| ap_ctrl_hs |                     calcResidual                     | return value |
|ap_start                                                       |  in |    1| ap_ctrl_hs |                     calcResidual                     | return value |
|ap_done                                                        | out |    1| ap_ctrl_hs |                     calcResidual                     | return value |
|ap_idle                                                        | out |    1| ap_ctrl_hs |                     calcResidual                     | return value |
|ap_ready                                                       | out |    1| ap_ctrl_hs |                     calcResidual                     | return value |
|ap_return                                                      | out |   32| ap_ctrl_hs |                     calcResidual                     | return value |
|LinearRegression_settings_chosenRofPhi_read                    |  in |   32|   ap_none  |      LinearRegression_settings_chosenRofPhi_read     |    scalar    |
|LinearRegression_settings_chosenRofZ_read                      |  in |   32|   ap_none  |       LinearRegression_settings_chosenRofZ_read      |    scalar    |
|LinearRegression_HTParameter_qOverPt_read                      |  in |   32|   ap_none  |       LinearRegression_HTParameter_qOverPt_read      |    scalar    |
|LinearRegression_HTParameter_phiT_read                         |  in |   32|   ap_none  |        LinearRegression_HTParameter_phiT_read        |    scalar    |
|LinearRegression_HTParameter_cotTheta_read                     |  in |   32|   ap_none  |      LinearRegression_HTParameter_cotTheta_read      |    scalar    |
|LinearRegression_HTParameter_zT_read                           |  in |   32|   ap_none  |         LinearRegression_HTParameter_zT_read         |    scalar    |
|LinearRegression_LRParameter_qOverPt_read                      |  in |   32|   ap_none  |       LinearRegression_LRParameter_qOverPt_read      |    scalar    |
|LinearRegression_LRParameter_phiT_read                         |  in |   32|   ap_none  |        LinearRegression_LRParameter_phiT_read        |    scalar    |
|LinearRegression_LRParameter_cotTheta_read                     |  in |   32|   ap_none  |      LinearRegression_LRParameter_cotTheta_read      |    scalar    |
|LinearRegression_LRParameter_zT_read                           |  in |   32|   ap_none  |         LinearRegression_LRParameter_zT_read         |    scalar    |
|LinearRegression_stubMap_size_read                             |  in |   32|   ap_none  |          LinearRegression_stubMap_size_read          |    scalar    |
|LinearRegression_stubMap_data_first_address0                   | out |    5|  ap_memory |          LinearRegression_stubMap_data_first         |     array    |
|LinearRegression_stubMap_data_first_ce0                        | out |    1|  ap_memory |          LinearRegression_stubMap_data_first         |     array    |
|LinearRegression_stubMap_data_first_q0                         |  in |   32|  ap_memory |          LinearRegression_stubMap_data_first         |     array    |
|LinearRegression_stubMap_data_second_size_s_address0           | out |    5|  ap_memory |      LinearRegression_stubMap_data_second_size_s     |     array    |
|LinearRegression_stubMap_data_second_size_s_ce0                | out |    1|  ap_memory |      LinearRegression_stubMap_data_second_size_s     |     array    |
|LinearRegression_stubMap_data_second_size_s_q0                 |  in |   32|  ap_memory |      LinearRegression_stubMap_data_second_size_s     |     array    |
|LinearRegression_stubMap_data_second_data_r_s_address0         | out |    9|  ap_memory |     LinearRegression_stubMap_data_second_data_r_s    |     array    |
|LinearRegression_stubMap_data_second_data_r_s_ce0              | out |    1|  ap_memory |     LinearRegression_stubMap_data_second_data_r_s    |     array    |
|LinearRegression_stubMap_data_second_data_r_s_q0               |  in |   32|  ap_memory |     LinearRegression_stubMap_data_second_data_r_s    |     array    |
|LinearRegression_stubMap_data_second_data_phi_s_address0       | out |    9|  ap_memory |    LinearRegression_stubMap_data_second_data_phi_s   |     array    |
|LinearRegression_stubMap_data_second_data_phi_s_ce0            | out |    1|  ap_memory |    LinearRegression_stubMap_data_second_data_phi_s   |     array    |
|LinearRegression_stubMap_data_second_data_phi_s_q0             |  in |   32|  ap_memory |    LinearRegression_stubMap_data_second_data_phi_s   |     array    |
|LinearRegression_stubMap_data_second_data_z_s_address0         | out |    9|  ap_memory |     LinearRegression_stubMap_data_second_data_z_s    |     array    |
|LinearRegression_stubMap_data_second_data_z_s_ce0              | out |    1|  ap_memory |     LinearRegression_stubMap_data_second_data_z_s    |     array    |
|LinearRegression_stubMap_data_second_data_z_s_q0               |  in |   32|  ap_memory |     LinearRegression_stubMap_data_second_data_z_s    |     array    |
|LinearRegression_stubMap_data_second_data_psModule_s_address0  | out |    9|  ap_memory | LinearRegression_stubMap_data_second_data_psModule_s |     array    |
|LinearRegression_stubMap_data_second_data_psModule_s_ce0       | out |    1|  ap_memory | LinearRegression_stubMap_data_second_data_psModule_s |     array    |
|LinearRegression_stubMap_data_second_data_psModule_s_q0        |  in |    1|  ap_memory | LinearRegression_stubMap_data_second_data_psModule_s |     array    |
|LinearRegression_stubMap_data_second_data_barrel_s_address0    | out |    9|  ap_memory |  LinearRegression_stubMap_data_second_data_barrel_s  |     array    |
|LinearRegression_stubMap_data_second_data_barrel_s_ce0         | out |    1|  ap_memory |  LinearRegression_stubMap_data_second_data_barrel_s  |     array    |
|LinearRegression_stubMap_data_second_data_barrel_s_q0          |  in |    1|  ap_memory |  LinearRegression_stubMap_data_second_data_barrel_s  |     array    |
|LinearRegression_residuals_data_first_address0                 | out |    5|  ap_memory |         LinearRegression_residuals_data_first        |     array    |
|LinearRegression_residuals_data_first_ce0                      | out |    1|  ap_memory |         LinearRegression_residuals_data_first        |     array    |
|LinearRegression_residuals_data_first_we0                      | out |    1|  ap_memory |         LinearRegression_residuals_data_first        |     array    |
|LinearRegression_residuals_data_first_d0                       | out |   32|  ap_memory |         LinearRegression_residuals_data_first        |     array    |
|LinearRegression_residuals_data_first_q0                       |  in |   32|  ap_memory |         LinearRegression_residuals_data_first        |     array    |
|LinearRegression_residuals_data_second_size_s_address0         | out |    5|  ap_memory |     LinearRegression_residuals_data_second_size_s    |     array    |
|LinearRegression_residuals_data_second_size_s_ce0              | out |    1|  ap_memory |     LinearRegression_residuals_data_second_size_s    |     array    |
|LinearRegression_residuals_data_second_size_s_we0              | out |    1|  ap_memory |     LinearRegression_residuals_data_second_size_s    |     array    |
|LinearRegression_residuals_data_second_size_s_d0               | out |   32|  ap_memory |     LinearRegression_residuals_data_second_size_s    |     array    |
|LinearRegression_residuals_data_second_size_s_q0               |  in |   32|  ap_memory |     LinearRegression_residuals_data_second_size_s    |     array    |
|LinearRegression_residuals_data_second_data_phi_address0       | out |    9|  ap_memory |    LinearRegression_residuals_data_second_data_phi   |     array    |
|LinearRegression_residuals_data_second_data_phi_ce0            | out |    1|  ap_memory |    LinearRegression_residuals_data_second_data_phi   |     array    |
|LinearRegression_residuals_data_second_data_phi_we0            | out |    1|  ap_memory |    LinearRegression_residuals_data_second_data_phi   |     array    |
|LinearRegression_residuals_data_second_data_phi_d0             | out |   32|  ap_memory |    LinearRegression_residuals_data_second_data_phi   |     array    |
|LinearRegression_residuals_data_second_data_phi_address1       | out |    9|  ap_memory |    LinearRegression_residuals_data_second_data_phi   |     array    |
|LinearRegression_residuals_data_second_data_phi_ce1            | out |    1|  ap_memory |    LinearRegression_residuals_data_second_data_phi   |     array    |
|LinearRegression_residuals_data_second_data_phi_we1            | out |    1|  ap_memory |    LinearRegression_residuals_data_second_data_phi   |     array    |
|LinearRegression_residuals_data_second_data_phi_d1             | out |   32|  ap_memory |    LinearRegression_residuals_data_second_data_phi   |     array    |
|LinearRegression_residuals_data_second_data_z_address0         | out |    9|  ap_memory |     LinearRegression_residuals_data_second_data_z    |     array    |
|LinearRegression_residuals_data_second_data_z_ce0              | out |    1|  ap_memory |     LinearRegression_residuals_data_second_data_z    |     array    |
|LinearRegression_residuals_data_second_data_z_we0              | out |    1|  ap_memory |     LinearRegression_residuals_data_second_data_z    |     array    |
|LinearRegression_residuals_data_second_data_z_d0               | out |   32|  ap_memory |     LinearRegression_residuals_data_second_data_z    |     array    |
|LinearRegression_residuals_data_second_data_z_address1         | out |    9|  ap_memory |     LinearRegression_residuals_data_second_data_z    |     array    |
|LinearRegression_residuals_data_second_data_z_ce1              | out |    1|  ap_memory |     LinearRegression_residuals_data_second_data_z    |     array    |
|LinearRegression_residuals_data_second_data_z_we1              | out |    1|  ap_memory |     LinearRegression_residuals_data_second_data_z    |     array    |
|LinearRegression_residuals_data_second_data_z_d1               | out |   32|  ap_memory |     LinearRegression_residuals_data_second_data_z    |     array    |
|LinearRegression_residuals_data_second_data_layerId_address0   | out |    9|  ap_memory |  LinearRegression_residuals_data_second_data_layerId |     array    |
|LinearRegression_residuals_data_second_data_layerId_ce0        | out |    1|  ap_memory |  LinearRegression_residuals_data_second_data_layerId |     array    |
|LinearRegression_residuals_data_second_data_layerId_we0        | out |    1|  ap_memory |  LinearRegression_residuals_data_second_data_layerId |     array    |
|LinearRegression_residuals_data_second_data_layerId_d0         | out |   32|  ap_memory |  LinearRegression_residuals_data_second_data_layerId |     array    |
|LinearRegression_residuals_data_second_data_layerId_address1   | out |    9|  ap_memory |  LinearRegression_residuals_data_second_data_layerId |     array    |
|LinearRegression_residuals_data_second_data_layerId_ce1        | out |    1|  ap_memory |  LinearRegression_residuals_data_second_data_layerId |     array    |
|LinearRegression_residuals_data_second_data_layerId_we1        | out |    1|  ap_memory |  LinearRegression_residuals_data_second_data_layerId |     array    |
|LinearRegression_residuals_data_second_data_layerId_d1         | out |   32|  ap_memory |  LinearRegression_residuals_data_second_data_layerId |     array    |
|LinearRegression_residuals_data_second_data_stubId_address0    | out |    9|  ap_memory |  LinearRegression_residuals_data_second_data_stubId  |     array    |
|LinearRegression_residuals_data_second_data_stubId_ce0         | out |    1|  ap_memory |  LinearRegression_residuals_data_second_data_stubId  |     array    |
|LinearRegression_residuals_data_second_data_stubId_we0         | out |    1|  ap_memory |  LinearRegression_residuals_data_second_data_stubId  |     array    |
|LinearRegression_residuals_data_second_data_stubId_d0          | out |   32|  ap_memory |  LinearRegression_residuals_data_second_data_stubId  |     array    |
|LinearRegression_residuals_data_second_data_stubId_address1    | out |    9|  ap_memory |  LinearRegression_residuals_data_second_data_stubId  |     array    |
|LinearRegression_residuals_data_second_data_stubId_ce1         | out |    1|  ap_memory |  LinearRegression_residuals_data_second_data_stubId  |     array    |
|LinearRegression_residuals_data_second_data_stubId_we1         | out |    1|  ap_memory |  LinearRegression_residuals_data_second_data_stubId  |     array    |
|LinearRegression_residuals_data_second_data_stubId_d1          | out |   32|  ap_memory |  LinearRegression_residuals_data_second_data_stubId  |     array    |
|LinearRegression_residuals_data_second_data_ps_address0        | out |    9|  ap_memory |    LinearRegression_residuals_data_second_data_ps    |     array    |
|LinearRegression_residuals_data_second_data_ps_ce0             | out |    1|  ap_memory |    LinearRegression_residuals_data_second_data_ps    |     array    |
|LinearRegression_residuals_data_second_data_ps_we0             | out |    1|  ap_memory |    LinearRegression_residuals_data_second_data_ps    |     array    |
|LinearRegression_residuals_data_second_data_ps_d0              | out |    1|  ap_memory |    LinearRegression_residuals_data_second_data_ps    |     array    |
|LinearRegression_residuals_data_second_data_ps_address1        | out |    9|  ap_memory |    LinearRegression_residuals_data_second_data_ps    |     array    |
|LinearRegression_residuals_data_second_data_ps_ce1             | out |    1|  ap_memory |    LinearRegression_residuals_data_second_data_ps    |     array    |
|LinearRegression_residuals_data_second_data_ps_we1             | out |    1|  ap_memory |    LinearRegression_residuals_data_second_data_ps    |     array    |
|LinearRegression_residuals_data_second_data_ps_d1              | out |    1|  ap_memory |    LinearRegression_residuals_data_second_data_ps    |     array    |
+---------------------------------------------------------------+-----+-----+------------+------------------------------------------------------+--------------+

