

================================================================
== Vivado HLS Report for 'erase_1'
================================================================
* Date:           Tue May 21 18:44:58 2019

* Version:        2018.3 (Build 2405991 on Thu Dec 06 23:56:15 MST 2018)
* Project:        lr_standaloneHLS
* Solution:       solution1
* Product family: kintexu
* Target device:  xcku115-flvb2104-2-e


================================================================
== Performance Estimates
================================================================
+ Timing (ns): 
    * Summary: 
    +--------+-------+----------+------------+
    |  Clock | Target| Estimated| Uncertainty|
    +--------+-------+----------+------------+
    |ap_clk  |  10.00|     6.799|        1.25|
    +--------+-------+----------+------------+

+ Latency (clock cycles): 
    * Summary: 
    +-----+-----+-----+-----+---------+
    |  Latency  |  Interval | Pipeline|
    | min | max | min | max |   Type  |
    +-----+-----+-----+-----+---------+
    |    ?|    ?|    ?|    ?|   none  |
    +-----+-----+-----+-----+---------+

    + Detail: 
        * Instance: 
        N/A

        * Loop: 
        +-------------+-----+-----+----------+-----------+-----------+------+----------+
        |             |  Latency  | Iteration|  Initiation Interval  | Trip |          |
        |  Loop Name  | min | max |  Latency |  achieved |   target  | Count| Pipelined|
        +-------------+-----+-----+----------+-----------+-----------+------+----------+
        |- Loop 1     |    ?|    ?|         ?|          -|          -|     ?|    no    |
        | + Loop 1.1  |    ?|    ?|        19|          -|          -|     ?|    no    |
        +-------------+-----+-----+----------+-----------+-----------+------+----------+



================================================================
== Utilization Estimates
================================================================
* Summary: 
+---------------------+---------+-------+---------+--------+
|         Name        | BRAM_18K| DSP48E|    FF   |   LUT  |
+---------------------+---------+-------+---------+--------+
|DSP                  |        -|      -|        -|       -|
|Expression           |        -|      0|        0|    1067|
|FIFO                 |        -|      -|        -|       -|
|Instance             |        -|      0|       66|      72|
|Memory               |        -|      -|        -|       -|
|Multiplexer          |        -|      -|        -|     666|
|Register             |        -|      -|      866|       -|
+---------------------+---------+-------+---------+--------+
|Total                |        0|      0|      932|    1805|
+---------------------+---------+-------+---------+--------+
|Available SLR        |     2160|   2760|   663360|  331680|
+---------------------+---------+-------+---------+--------+
|Utilization SLR (%)  |        0|      0|    ~0   |   ~0   |
+---------------------+---------+-------+---------+--------+
|Available            |     4320|   5520|  1326720|  663360|
+---------------------+---------+-------+---------+--------+
|Utilization (%)      |        0|      0|    ~0   |   ~0   |
+---------------------+---------+-------+---------+--------+

+ Detail: 
    * Instance: 
    +---------------------------------------+----------------------------------+---------+-------+----+----+
    |                Instance               |              Module              | BRAM_18K| DSP48E| FF | LUT|
    +---------------------------------------+----------------------------------+---------+-------+----+----+
    |LRupdateHLS_fcmp_32ns_32ns_1_1_1_U434  |LRupdateHLS_fcmp_32ns_32ns_1_1_1  |        0|      0|  66|  72|
    +---------------------------------------+----------------------------------+---------+-------+----+----+
    |Total                                  |                                  |        0|      0|  66|  72|
    +---------------------------------------+----------------------------------+---------+-------+----+----+

    * DSP48: 
    N/A

    * Memory: 
    N/A

    * FIFO: 
    N/A

    * Expression: 
    +--------------------+----------+-------+---+----+------------+------------+
    |    Variable Name   | Operation| DSP48E| FF| LUT| Bitwidth P0| Bitwidth P1|
    +--------------------+----------+-------+---+----+------------+------------+
    |tmp_151_fu_1271_p2  |     *    |      0|  0|  50|           5|           9|
    |tmp_170_fu_1071_p2  |     *    |      0|  0|  50|           5|           9|
    |ap_return           |     +    |      0|  0|  39|          32|           2|
    |i_fu_810_p2         |     +    |      0|  0|  39|          32|           1|
    |j_1_fu_1047_p2      |     +    |      0|  0|  39|           1|          32|
    |tmp_152_fu_1291_p2  |     +    |      0|  0|  16|           1|           9|
    |tmp_153_fu_1301_p2  |     +    |      0|  0|  16|           2|           9|
    |tmp_154_fu_1311_p2  |     +    |      0|  0|  16|           2|           9|
    |tmp_155_fu_1321_p2  |     +    |      0|  0|  16|           3|           9|
    |tmp_156_fu_1331_p2  |     +    |      0|  0|  16|           3|           9|
    |tmp_157_fu_1341_p2  |     +    |      0|  0|  16|           3|           9|
    |tmp_158_fu_1351_p2  |     +    |      0|  0|  16|           3|           9|
    |tmp_159_fu_1361_p2  |     +    |      0|  0|  16|           4|           9|
    |tmp_160_fu_1371_p2  |     +    |      0|  0|  16|           4|           9|
    |tmp_161_fu_1381_p2  |     +    |      0|  0|  16|           4|           9|
    |tmp_162_fu_1391_p2  |     +    |      0|  0|  16|           4|           9|
    |tmp_163_fu_1401_p2  |     +    |      0|  0|  16|           4|           9|
    |tmp_164_fu_1411_p2  |     +    |      0|  0|  16|           4|           9|
    |tmp_165_fu_1421_p2  |     +    |      0|  0|  16|           4|           9|
    |tmp_166_fu_1431_p2  |     +    |      0|  0|  16|           4|           9|
    |tmp_167_fu_1441_p2  |     +    |      0|  0|  16|           5|           9|
    |tmp_168_fu_1451_p2  |     +    |      0|  0|  16|           5|           9|
    |tmp_169_fu_1461_p2  |     +    |      0|  0|  16|           5|           9|
    |tmp_171_fu_1082_p2  |     +    |      0|  0|  16|           1|           9|
    |tmp_172_fu_1111_p2  |     +    |      0|  0|  16|           2|           9|
    |tmp_173_fu_1121_p2  |     +    |      0|  0|  16|           2|           9|
    |tmp_174_fu_1131_p2  |     +    |      0|  0|  16|           3|           9|
    |tmp_175_fu_1141_p2  |     +    |      0|  0|  16|           3|           9|
    |tmp_176_fu_1151_p2  |     +    |      0|  0|  16|           3|           9|
    |tmp_177_fu_1161_p2  |     +    |      0|  0|  16|           3|           9|
    |tmp_178_fu_1171_p2  |     +    |      0|  0|  16|           4|           9|
    |tmp_179_fu_1181_p2  |     +    |      0|  0|  16|           4|           9|
    |tmp_180_fu_1191_p2  |     +    |      0|  0|  16|           4|           9|
    |tmp_181_fu_1201_p2  |     +    |      0|  0|  16|           4|           9|
    |tmp_182_fu_1211_p2  |     +    |      0|  0|  16|           4|           9|
    |tmp_183_fu_1221_p2  |     +    |      0|  0|  16|           4|           9|
    |tmp_184_fu_1231_p2  |     +    |      0|  0|  16|           4|           9|
    |tmp_185_fu_1241_p2  |     +    |      0|  0|  16|           4|           9|
    |tmp_186_fu_1251_p2  |     +    |      0|  0|  16|           5|           9|
    |tmp_187_fu_1261_p2  |     +    |      0|  0|  16|           5|           9|
    |tmp_188_fu_1281_p2  |     +    |      0|  0|  16|           5|           9|
    |tmp_71_fu_881_p2    |    and   |      0|  0|   2|           1|           1|
    |tmp_73_fu_887_p2    |    and   |      0|  0|   2|           1|           1|
    |tmp_80_fu_948_p2    |    and   |      0|  0|   2|           1|           1|
    |tmp_86_fu_954_p2    |    and   |      0|  0|   2|           1|           1|
    |tmp_93_fu_1015_p2   |    and   |      0|  0|   2|           1|           1|
    |tmp_95_fu_1021_p2   |    and   |      0|  0|   2|           1|           1|
    |exitcond_fu_805_p2  |   icmp   |      0|  0|  20|          32|          32|
    |notlhs1_fu_830_p2   |   icmp   |      0|  0|  11|           8|           2|
    |notlhs3_fu_926_p2   |   icmp   |      0|  0|  11|           8|           2|
    |notlhs5_fu_902_p2   |   icmp   |      0|  0|  11|           8|           2|
    |notlhs7_fu_993_p2   |   icmp   |      0|  0|  11|           8|           2|
    |notlhs9_fu_969_p2   |   icmp   |      0|  0|  11|           8|           2|
    |notlhs_fu_859_p2    |   icmp   |      0|  0|  11|           8|           2|
    |notrhs2_fu_771_p2   |   icmp   |      0|  0|  20|          23|           1|
    |notrhs3_fu_799_p2   |   icmp   |      0|  0|  20|          23|           1|
    |notrhs4_fu_932_p2   |   icmp   |      0|  0|  20|          23|           1|
    |notrhs6_fu_785_p2   |   icmp   |      0|  0|  20|          23|           1|
    |notrhs8_fu_999_p2   |   icmp   |      0|  0|  20|          23|           1|
    |notrhs_fu_865_p2    |   icmp   |      0|  0|  20|          23|           1|
    |tmp_82_fu_1027_p2   |   icmp   |      0|  0|  20|          32|          32|
    |tmp_83_fu_1042_p2   |   icmp   |      0|  0|  20|          32|          32|
    |tmp_69_fu_871_p2    |    or    |      0|  0|   2|           1|           1|
    |tmp_70_fu_877_p2    |    or    |      0|  0|   2|           1|           1|
    |tmp_78_fu_938_p2    |    or    |      0|  0|   2|           1|           1|
    |tmp_79_fu_944_p2    |    or    |      0|  0|   2|           1|           1|
    |tmp_91_fu_1005_p2   |    or    |      0|  0|   2|           1|           1|
    |tmp_92_fu_1011_p2   |    or    |      0|  0|   2|           1|           1|
    |tmp1_i_fu_1037_p2   |    xor   |      0|  0|   2|           1|           1|
    |tmp_i_fu_1032_p2    |    xor   |      0|  0|   2|           1|           1|
    +--------------------+----------+-------+---+----+------------+------------+
    |Total               |          |      0|  0|1067|         499|         505|
    +--------------------+----------+-------+---+----+------------+------------+

    * Multiplexer: 
    +----------------------------------------------------------+-----+-----------+-----+-----------+
    |                           Name                           | LUT | Input Size| Bits| Total Bits|
    +----------------------------------------------------------+-----+-----------+-----+-----------+
    |ap_NS_fsm                                                 |  129|         28|    1|         28|
    |arrayHLS_Stub_data_barrel_s_address0                      |   21|          4|    4|         16|
    |arrayHLS_Stub_data_layerId_s_address0                     |   21|          4|    4|         16|
    |arrayHLS_Stub_data_phi_s_address0                         |   21|          4|    4|         16|
    |arrayHLS_Stub_data_psModule_s_address0                    |   21|          4|    4|         16|
    |arrayHLS_Stub_data_r_s_address0                           |   21|          4|    4|         16|
    |arrayHLS_Stub_data_settings_chosenRofPhi_s_address0       |   15|          3|    4|         12|
    |arrayHLS_Stub_data_settings_chosenRofZ_s_address0         |   15|          3|    4|         12|
    |arrayHLS_Stub_data_settings_etaRegions_s_address0         |   97|         20|    8|        160|
    |arrayHLS_Stub_data_settings_etaRegions_s_address1         |   97|         20|    8|        160|
    |arrayHLS_Stub_data_settings_etaRegions_s_d0               |   50|         11|   32|        352|
    |arrayHLS_Stub_data_settings_etaRegions_s_d1               |   47|         10|   32|        320|
    |arrayHLS_Stub_data_settings_minNumMatchLayers_s_address0  |   15|          3|    4|         12|
    |arrayHLS_Stub_data_settings_minPSLayers_s_address0        |   15|          3|    4|         12|
    |arrayHLS_Stub_data_z_s_address0                           |   21|          4|    4|         16|
    |grp_fu_744_p0                                             |   21|          4|   32|        128|
    |grp_fu_744_p1                                             |   21|          4|   32|        128|
    |j3_reg_733                                                |    9|          2|   32|         64|
    |j_reg_721                                                 |    9|          2|   32|         64|
    +----------------------------------------------------------+-----+-----------+-----+-----------+
    |Total                                                     |  666|        137|  249|       1548|
    +----------------------------------------------------------+-----+-----------+-----+-----------+

    * Register: 
    +---------------------------------+----+----+-----+-----------+
    |               Name              | FF | LUT| Bits| Const Bits|
    +---------------------------------+----+----+-----+-----------+
    |ap_CS_fsm                        |  27|   0|   27|          0|
    |arrayHLS_data_setti_46_reg_1738  |  32|   0|   32|          0|
    |arrayHLS_data_setti_47_reg_1743  |  32|   0|   32|          0|
    |arrayHLS_data_setti_48_reg_1758  |  32|   0|   32|          0|
    |arrayHLS_data_setti_49_reg_1763  |  32|   0|   32|          0|
    |arrayHLS_data_setti_50_reg_1778  |  32|   0|   32|          0|
    |arrayHLS_data_setti_51_reg_1783  |  32|   0|   32|          0|
    |arrayHLS_data_setti_52_reg_1798  |  32|   0|   32|          0|
    |arrayHLS_data_setti_53_reg_1803  |  32|   0|   32|          0|
    |arrayHLS_data_setti_54_reg_1818  |  32|   0|   32|          0|
    |arrayHLS_data_setti_55_reg_1823  |  32|   0|   32|          0|
    |arrayHLS_data_setti_56_reg_1838  |  32|   0|   32|          0|
    |arrayHLS_data_setti_57_reg_1843  |  32|   0|   32|          0|
    |arrayHLS_data_setti_58_reg_1858  |  32|   0|   32|          0|
    |arrayHLS_data_setti_59_reg_1863  |  32|   0|   32|          0|
    |arrayHLS_data_setti_61_reg_1895  |  32|   0|   32|          0|
    |i_reg_1541                       |  32|   0|   32|          0|
    |j3_reg_733                       |  32|   0|   32|          0|
    |j_1_reg_1627                     |  32|   0|   32|          0|
    |j_reg_721                        |  32|   0|   32|          0|
    |notlhs1_reg_1560                 |   1|   0|    1|          0|
    |notlhs5_reg_1574                 |   1|   0|    1|          0|
    |notlhs9_reg_1588                 |   1|   0|    1|          0|
    |notrhs2_reg_1513                 |   1|   0|    1|          0|
    |notrhs3_reg_1533                 |   1|   0|    1|          0|
    |notrhs6_reg_1523                 |   1|   0|    1|          0|
    |reg_751                          |  32|   0|   32|          0|
    |reg_757                          |  32|   0|   32|          0|
    |tmp1_i_reg_1620                  |   1|   0|    1|          0|
    |tmp_151_reg_1868                 |   9|   0|    9|          0|
    |tmp_170_reg_1632                 |   9|   0|    9|          0|
    |tmp_195_reg_1713                 |   9|   0|    9|          0|
    |tmp_73_reg_1565                  |   1|   0|    1|          0|
    |tmp_82_reg_1602                  |   1|   0|    1|          0|
    |tmp_86_reg_1579                  |   1|   0|    1|          0|
    |tmp_95_reg_1593                  |   1|   0|    1|          0|
    |tmp_i_reg_1611                   |   1|   0|    1|          0|
    |tmp_s_reg_1546                   |  32|   0|   64|         32|
    |value_phi_read_to_i_reg_1518     |  32|   0|   32|          0|
    |value_r_read_to_int_reg_1508     |  32|   0|   32|          0|
    |value_z_read_to_int_reg_1528     |  32|   0|   32|          0|
    +---------------------------------+----+----+-----+-----------+
    |Total                            | 866|   0|  898|         32|
    +---------------------------------+----+----+-----+-----------+



================================================================
== Interface
================================================================
* Summary: 
+----------------------------------------------------------+-----+-----+------------+-------------------------------------------------+--------------+
|                         RTL Ports                        | Dir | Bits|  Protocol  |                  Source Object                  |    C Type    |
+----------------------------------------------------------+-----+-----+------------+-------------------------------------------------+--------------+
|ap_clk                                                    |  in |    1| ap_ctrl_hs |                     erase.1                     | return value |
|ap_rst                                                    |  in |    1| ap_ctrl_hs |                     erase.1                     | return value |
|ap_start                                                  |  in |    1| ap_ctrl_hs |                     erase.1                     | return value |
|ap_done                                                   | out |    1| ap_ctrl_hs |                     erase.1                     | return value |
|ap_idle                                                   | out |    1| ap_ctrl_hs |                     erase.1                     | return value |
|ap_ready                                                  | out |    1| ap_ctrl_hs |                     erase.1                     | return value |
|ap_return                                                 | out |   32| ap_ctrl_hs |                     erase.1                     | return value |
|arrayHLS_Stub_size_read                                   |  in |   32|   ap_none  |             arrayHLS_Stub_size_read             |    scalar    |
|arrayHLS_Stub_data_settings_chosenRofPhi_s_address0       | out |    4|  ap_memory |    arrayHLS_Stub_data_settings_chosenRofPhi_s   |     array    |
|arrayHLS_Stub_data_settings_chosenRofPhi_s_ce0            | out |    1|  ap_memory |    arrayHLS_Stub_data_settings_chosenRofPhi_s   |     array    |
|arrayHLS_Stub_data_settings_chosenRofPhi_s_we0            | out |    1|  ap_memory |    arrayHLS_Stub_data_settings_chosenRofPhi_s   |     array    |
|arrayHLS_Stub_data_settings_chosenRofPhi_s_d0             | out |   32|  ap_memory |    arrayHLS_Stub_data_settings_chosenRofPhi_s   |     array    |
|arrayHLS_Stub_data_settings_chosenRofPhi_s_q0             |  in |   32|  ap_memory |    arrayHLS_Stub_data_settings_chosenRofPhi_s   |     array    |
|arrayHLS_Stub_data_settings_chosenRofZ_s_address0         | out |    4|  ap_memory |     arrayHLS_Stub_data_settings_chosenRofZ_s    |     array    |
|arrayHLS_Stub_data_settings_chosenRofZ_s_ce0              | out |    1|  ap_memory |     arrayHLS_Stub_data_settings_chosenRofZ_s    |     array    |
|arrayHLS_Stub_data_settings_chosenRofZ_s_we0              | out |    1|  ap_memory |     arrayHLS_Stub_data_settings_chosenRofZ_s    |     array    |
|arrayHLS_Stub_data_settings_chosenRofZ_s_d0               | out |   32|  ap_memory |     arrayHLS_Stub_data_settings_chosenRofZ_s    |     array    |
|arrayHLS_Stub_data_settings_chosenRofZ_s_q0               |  in |   32|  ap_memory |     arrayHLS_Stub_data_settings_chosenRofZ_s    |     array    |
|arrayHLS_Stub_data_settings_etaRegions_s_address0         | out |    8|  ap_memory |     arrayHLS_Stub_data_settings_etaRegions_s    |     array    |
|arrayHLS_Stub_data_settings_etaRegions_s_ce0              | out |    1|  ap_memory |     arrayHLS_Stub_data_settings_etaRegions_s    |     array    |
|arrayHLS_Stub_data_settings_etaRegions_s_we0              | out |    1|  ap_memory |     arrayHLS_Stub_data_settings_etaRegions_s    |     array    |
|arrayHLS_Stub_data_settings_etaRegions_s_d0               | out |   32|  ap_memory |     arrayHLS_Stub_data_settings_etaRegions_s    |     array    |
|arrayHLS_Stub_data_settings_etaRegions_s_q0               |  in |   32|  ap_memory |     arrayHLS_Stub_data_settings_etaRegions_s    |     array    |
|arrayHLS_Stub_data_settings_etaRegions_s_address1         | out |    8|  ap_memory |     arrayHLS_Stub_data_settings_etaRegions_s    |     array    |
|arrayHLS_Stub_data_settings_etaRegions_s_ce1              | out |    1|  ap_memory |     arrayHLS_Stub_data_settings_etaRegions_s    |     array    |
|arrayHLS_Stub_data_settings_etaRegions_s_we1              | out |    1|  ap_memory |     arrayHLS_Stub_data_settings_etaRegions_s    |     array    |
|arrayHLS_Stub_data_settings_etaRegions_s_d1               | out |   32|  ap_memory |     arrayHLS_Stub_data_settings_etaRegions_s    |     array    |
|arrayHLS_Stub_data_settings_etaRegions_s_q1               |  in |   32|  ap_memory |     arrayHLS_Stub_data_settings_etaRegions_s    |     array    |
|arrayHLS_Stub_data_settings_minNumMatchLayers_s_address0  | out |    4|  ap_memory | arrayHLS_Stub_data_settings_minNumMatchLayers_s |     array    |
|arrayHLS_Stub_data_settings_minNumMatchLayers_s_ce0       | out |    1|  ap_memory | arrayHLS_Stub_data_settings_minNumMatchLayers_s |     array    |
|arrayHLS_Stub_data_settings_minNumMatchLayers_s_we0       | out |    1|  ap_memory | arrayHLS_Stub_data_settings_minNumMatchLayers_s |     array    |
|arrayHLS_Stub_data_settings_minNumMatchLayers_s_d0        | out |   32|  ap_memory | arrayHLS_Stub_data_settings_minNumMatchLayers_s |     array    |
|arrayHLS_Stub_data_settings_minNumMatchLayers_s_q0        |  in |   32|  ap_memory | arrayHLS_Stub_data_settings_minNumMatchLayers_s |     array    |
|arrayHLS_Stub_data_settings_minPSLayers_s_address0        | out |    4|  ap_memory |    arrayHLS_Stub_data_settings_minPSLayers_s    |     array    |
|arrayHLS_Stub_data_settings_minPSLayers_s_ce0             | out |    1|  ap_memory |    arrayHLS_Stub_data_settings_minPSLayers_s    |     array    |
|arrayHLS_Stub_data_settings_minPSLayers_s_we0             | out |    1|  ap_memory |    arrayHLS_Stub_data_settings_minPSLayers_s    |     array    |
|arrayHLS_Stub_data_settings_minPSLayers_s_d0              | out |   32|  ap_memory |    arrayHLS_Stub_data_settings_minPSLayers_s    |     array    |
|arrayHLS_Stub_data_settings_minPSLayers_s_q0              |  in |   32|  ap_memory |    arrayHLS_Stub_data_settings_minPSLayers_s    |     array    |
|arrayHLS_Stub_data_r_s_address0                           | out |    4|  ap_memory |              arrayHLS_Stub_data_r_s             |     array    |
|arrayHLS_Stub_data_r_s_ce0                                | out |    1|  ap_memory |              arrayHLS_Stub_data_r_s             |     array    |
|arrayHLS_Stub_data_r_s_we0                                | out |    1|  ap_memory |              arrayHLS_Stub_data_r_s             |     array    |
|arrayHLS_Stub_data_r_s_d0                                 | out |   32|  ap_memory |              arrayHLS_Stub_data_r_s             |     array    |
|arrayHLS_Stub_data_r_s_q0                                 |  in |   32|  ap_memory |              arrayHLS_Stub_data_r_s             |     array    |
|arrayHLS_Stub_data_phi_s_address0                         | out |    4|  ap_memory |             arrayHLS_Stub_data_phi_s            |     array    |
|arrayHLS_Stub_data_phi_s_ce0                              | out |    1|  ap_memory |             arrayHLS_Stub_data_phi_s            |     array    |
|arrayHLS_Stub_data_phi_s_we0                              | out |    1|  ap_memory |             arrayHLS_Stub_data_phi_s            |     array    |
|arrayHLS_Stub_data_phi_s_d0                               | out |   32|  ap_memory |             arrayHLS_Stub_data_phi_s            |     array    |
|arrayHLS_Stub_data_phi_s_q0                               |  in |   32|  ap_memory |             arrayHLS_Stub_data_phi_s            |     array    |
|arrayHLS_Stub_data_z_s_address0                           | out |    4|  ap_memory |              arrayHLS_Stub_data_z_s             |     array    |
|arrayHLS_Stub_data_z_s_ce0                                | out |    1|  ap_memory |              arrayHLS_Stub_data_z_s             |     array    |
|arrayHLS_Stub_data_z_s_we0                                | out |    1|  ap_memory |              arrayHLS_Stub_data_z_s             |     array    |
|arrayHLS_Stub_data_z_s_d0                                 | out |   32|  ap_memory |              arrayHLS_Stub_data_z_s             |     array    |
|arrayHLS_Stub_data_z_s_q0                                 |  in |   32|  ap_memory |              arrayHLS_Stub_data_z_s             |     array    |
|arrayHLS_Stub_data_layerId_s_address0                     | out |    4|  ap_memory |           arrayHLS_Stub_data_layerId_s          |     array    |
|arrayHLS_Stub_data_layerId_s_ce0                          | out |    1|  ap_memory |           arrayHLS_Stub_data_layerId_s          |     array    |
|arrayHLS_Stub_data_layerId_s_we0                          | out |    1|  ap_memory |           arrayHLS_Stub_data_layerId_s          |     array    |
|arrayHLS_Stub_data_layerId_s_d0                           | out |   32|  ap_memory |           arrayHLS_Stub_data_layerId_s          |     array    |
|arrayHLS_Stub_data_layerId_s_q0                           |  in |   32|  ap_memory |           arrayHLS_Stub_data_layerId_s          |     array    |
|arrayHLS_Stub_data_psModule_s_address0                    | out |    4|  ap_memory |          arrayHLS_Stub_data_psModule_s          |     array    |
|arrayHLS_Stub_data_psModule_s_ce0                         | out |    1|  ap_memory |          arrayHLS_Stub_data_psModule_s          |     array    |
|arrayHLS_Stub_data_psModule_s_we0                         | out |    1|  ap_memory |          arrayHLS_Stub_data_psModule_s          |     array    |
|arrayHLS_Stub_data_psModule_s_d0                          | out |    1|  ap_memory |          arrayHLS_Stub_data_psModule_s          |     array    |
|arrayHLS_Stub_data_psModule_s_q0                          |  in |    1|  ap_memory |          arrayHLS_Stub_data_psModule_s          |     array    |
|arrayHLS_Stub_data_barrel_s_address0                      | out |    4|  ap_memory |           arrayHLS_Stub_data_barrel_s           |     array    |
|arrayHLS_Stub_data_barrel_s_ce0                           | out |    1|  ap_memory |           arrayHLS_Stub_data_barrel_s           |     array    |
|arrayHLS_Stub_data_barrel_s_we0                           | out |    1|  ap_memory |           arrayHLS_Stub_data_barrel_s           |     array    |
|arrayHLS_Stub_data_barrel_s_d0                            | out |    1|  ap_memory |           arrayHLS_Stub_data_barrel_s           |     array    |
|arrayHLS_Stub_data_barrel_s_q0                            |  in |    1|  ap_memory |           arrayHLS_Stub_data_barrel_s           |     array    |
|value_r_read                                              |  in |   32|   ap_none  |                   value_r_read                  |    scalar    |
|value_phi_read                                            |  in |   32|   ap_none  |                  value_phi_read                 |    scalar    |
|value_z_read                                              |  in |   32|   ap_none  |                   value_z_read                  |    scalar    |
|value_layerId_read                                        |  in |   32|   ap_none  |                value_layerId_read               |    scalar    |
|value_psModule_read                                       |  in |    1|   ap_none  |               value_psModule_read               |    scalar    |
|value_barrel_read                                         |  in |    1|   ap_none  |                value_barrel_read                |    scalar    |
+----------------------------------------------------------+-----+-----+------------+-------------------------------------------------+--------------+

