

================================================================
== Vivado HLS Report for 'LRupdateHLS'
================================================================
* Date:           Tue May 21 18:44:27 2019

* Version:        2018.3 (Build 2405991 on Thu Dec 06 23:56:15 MST 2018)
* Project:        lr_standaloneHLS
* Solution:       solution1
* Product family: kintexu
* Target device:  xcku115-flvb2104-2-e


================================================================
== Performance Estimates
================================================================
+ Timing (ns): 
    * Summary: 
    +--------+-------+----------+------------+
    |  Clock | Target| Estimated| Uncertainty|
    +--------+-------+----------+------------+
    |ap_clk  |  10.00|     9.121|        1.25|
    +--------+-------+----------+------------+

+ Latency (clock cycles): 
    * Summary: 
    +-----+-----+-----+-----+---------+
    |  Latency  |  Interval | Pipeline|
    | min | max | min | max |   Type  |
    +-----+-----+-----+-----+---------+
    |    ?|    ?|    ?|    ?|   none  |
    +-----+-----+-----+-----+---------+

    + Detail: 
        * Instance: 
        N/A

        * Loop: 
        N/A

============================================================
+ Verbose Summary: Synthesis Manager
============================================================
InlineROM: 1
ExposeGlobal: 0
============================================================
+ Verbose Summary: CDFG Model
============================================================
IsTopModel: 1
ResetActiveHigh: 1
IsCombinational: 0
IsDatapathOnly: 0
HasWiredReturn: 1
HasMFsm: 0
HasVarLatency: 1
IsPipeline: 0
IsRtlPipelined: 0
IsInstanceOverlapped: 0
IsDontTouch: 0
HasImplIP: 0
IsGatedGlobalClock: 0


============================================================
+ Verbose Summary: Schedule
============================================================
* Number of FSM states : 2
* Pipeline : 0
* Dataflow Pipeline: 0

* FSM state transitions: 
1 --> 
	2  / true
2 --> 

* FSM state operations: 

State 1 <SV = 0> <Delay = 8.41>
ST_1 : Operation 3 [1/1] (0.00ns)   --->   "%linearRegression_set = call i32 @_ssdm_op_Read.ap_auto.i32P(i32* %linearRegression_settings_minNumMatchLayers_s)" [lr_standaloneHLS/.settings/LRupdateHLS.cpp:9]   --->   Operation 3 'read' 'linearRegression_set' <Predicate = true> <Delay = 0.00>
ST_1 : Operation 4 [1/1] (0.00ns)   --->   "%linearRegression_set_1 = call i32 @_ssdm_op_Read.ap_auto.i32P(i32* %linearRegression_settings_minPSLayers_s)" [lr_standaloneHLS/.settings/LRupdateHLS.cpp:9]   --->   Operation 4 'read' 'linearRegression_set_1' <Predicate = true> <Delay = 0.00>
ST_1 : Operation 5 [1/1] (0.00ns)   --->   "%l1track3D_iPhiSec_r = call i32 @_ssdm_op_Read.ap_auto.i32P(i32* %l1track3D_iPhiSec_s)" [lr_standaloneHLS/.settings/LRupdateHLS.cpp:9]   --->   Operation 5 'read' 'l1track3D_iPhiSec_r' <Predicate = true> <Delay = 0.00>
ST_1 : Operation 6 [1/1] (0.00ns)   --->   "%l1track3D_iEtaReg_r = call i32 @_ssdm_op_Read.ap_auto.i32P(i32* %l1track3D_iEtaReg_s)" [lr_standaloneHLS/.settings/LRupdateHLS.cpp:9]   --->   Operation 6 'read' 'l1track3D_iEtaReg_r' <Predicate = true> <Delay = 0.00>
ST_1 : Operation 7 [1/1] (0.00ns)   --->   "%l1track3D_helixRphi_s = call float @_ssdm_op_Read.ap_auto.floatP(float* %l1track3D_helixRphi_first)" [lr_standaloneHLS/.settings/LRupdateHLS.cpp:9]   --->   Operation 7 'read' 'l1track3D_helixRphi_s' <Predicate = true> <Delay = 0.00>
ST_1 : Operation 8 [1/1] (0.00ns)   --->   "%l1track3D_helixRphi_3 = call float @_ssdm_op_Read.ap_auto.floatP(float* %l1track3D_helixRphi_second)" [lr_standaloneHLS/.settings/LRupdateHLS.cpp:9]   --->   Operation 8 'read' 'l1track3D_helixRphi_3' <Predicate = true> <Delay = 0.00>
ST_1 : Operation 9 [1/1] (0.00ns)   --->   "%l1track3D_stubs_siz = call i32 @_ssdm_op_Read.ap_auto.i32P(i32* %l1track3D_stubs_size_s)" [lr_standaloneHLS/.settings/LRupdateHLS.cpp:9]   --->   Operation 9 'read' 'l1track3D_stubs_siz' <Predicate = true> <Delay = 0.00>
ST_1 : Operation 10 [1/1] (0.00ns)   --->   "%linearRegression_set_2 = call float @_ssdm_op_Read.ap_auto.floatP(float* %linearRegression_settings_chosenRofPhi_s)" [lr_standaloneHLS/.settings/LRupdateHLS.cpp:9]   --->   Operation 10 'read' 'linearRegression_set_2' <Predicate = true> <Delay = 0.00>
ST_1 : Operation 11 [1/1] (0.00ns)   --->   "%linearRegression_set_3 = call float @_ssdm_op_Read.ap_auto.floatP(float* %linearRegression_settings_chosenRofZ_s)" [lr_standaloneHLS/.settings/LRupdateHLS.cpp:9]   --->   Operation 11 'read' 'linearRegression_set_3' <Predicate = true> <Delay = 0.00>
ST_1 : Operation 12 [1/1] (0.00ns)   --->   "%linearRegression_LRP = call float @_ssdm_op_Read.ap_auto.floatP(float* %linearRegression_LRParameter_qOverPt)" [lr_standaloneHLS/.settings/LRupdateHLS.cpp:9]   --->   Operation 12 'read' 'linearRegression_LRP' <Predicate = true> <Delay = 0.00>
ST_1 : Operation 13 [1/1] (0.00ns)   --->   "%linearRegression_LRP_1 = call float @_ssdm_op_Read.ap_auto.floatP(float* %linearRegression_LRParameter_phiT)" [lr_standaloneHLS/.settings/LRupdateHLS.cpp:9]   --->   Operation 13 'read' 'linearRegression_LRP_1' <Predicate = true> <Delay = 0.00>
ST_1 : Operation 14 [1/1] (0.00ns)   --->   "%linearRegression_LRP_2 = call float @_ssdm_op_Read.ap_auto.floatP(float* %linearRegression_LRParameter_cotTheta)" [lr_standaloneHLS/.settings/LRupdateHLS.cpp:9]   --->   Operation 14 'read' 'linearRegression_LRP_2' <Predicate = true> <Delay = 0.00>
ST_1 : Operation 15 [1/1] (0.00ns)   --->   "%linearRegression_LRP_3 = call float @_ssdm_op_Read.ap_auto.floatP(float* %linearRegression_LRParameter_zT)" [lr_standaloneHLS/.settings/LRupdateHLS.cpp:9]   --->   Operation 15 'read' 'linearRegression_LRP_3' <Predicate = true> <Delay = 0.00>
ST_1 : Operation 16 [1/1] (0.00ns)   --->   "%linearRegression_stu = call i32 @_ssdm_op_Read.ap_auto.i32P(i32* %linearRegression_stubMap_size_s)" [lr_standaloneHLS/.settings/LRupdateHLS.cpp:9]   --->   Operation 16 'read' 'linearRegression_stu' <Predicate = true> <Delay = 0.00>
ST_1 : Operation 17 [1/1] (0.00ns)   --->   "%linearRegression_lay = call i32 @_ssdm_op_Read.ap_auto.i32P(i32* %linearRegression_layerPopulation_size_s)" [lr_standaloneHLS/.settings/LRupdateHLS.cpp:9]   --->   Operation 17 'read' 'linearRegression_lay' <Predicate = true> <Delay = 0.00>
ST_1 : Operation 18 [2/2] (8.41ns)   --->   "%call_ret1 = call fastcc { i32, i32, i32, i1, float, float, float, float, i32, float, float, float, float, i32, i32 } @fit(float %linearRegression_set_2, float %linearRegression_set_3, [19 x float]* %linearRegression_settings_etaRegions_s, i32 %linearRegression_set, i32 %linearRegression_set_1, float %linearRegression_LRP, float %linearRegression_LRP_1, float %linearRegression_LRP_2, float %linearRegression_LRP_3, [10 x float]* %linearRegression_stubs_data_settings_chosenRofPhi_s, [10 x float]* %linearRegression_stubs_data_settings_chosenRofZ_s, [190 x float]* %linearRegression_stubs_data_settings_etaRegions_s, [10 x i32]* %linearRegression_stubs_data_settings_minNumMatchLayers_s, [10 x i32]* %linearRegression_stubs_data_settings_minPSLayers_s, [10 x float]* %linearRegression_stubs_data_r_s, [10 x float]* %linearRegression_stubs_data_phi_s, [10 x float]* %linearRegression_stubs_data_z_s, [10 x i32]* %linearRegression_stubs_data_layerId_s, [10 x i1]* %linearRegression_stubs_data_psModule_s, [10 x i1]* %linearRegression_stubs_data_barrel_s, i32 %linearRegression_stu, [30 x i32]* %linearRegression_stubMap_data_first, [30 x i32]* %linearRegression_stubMap_data_second_size_s, [300 x float]* %linearRegression_stubMap_data_second_data_settings_chosenRofPhi_s, [300 x float]* %linearRegression_stubMap_data_second_data_settings_chosenRofZ_s, [5700 x float]* %linearRegression_stubMap_data_second_data_settings_etaRegions_s, [300 x i32]* %linearRegression_stubMap_data_second_data_settings_minNumMatchLayers_s, [300 x i32]* %linearRegression_stubMap_data_second_data_settings_minPSLayers_s, [300 x float]* %linearRegression_stubMap_data_second_data_r_s, [300 x float]* %linearRegression_stubMap_data_second_data_phi_s, [300 x float]* %linearRegression_stubMap_data_second_data_z_s, [300 x i32]* %linearRegression_stubMap_data_second_data_layerId_s, [300 x i1]* %linearRegression_stubMap_data_second_data_psModule_s, [300 x i1]* %linearRegression_stubMap_data_second_data_barrel_s, i32 %linearRegression_lay, [30 x i32]* %linearRegression_layerPopulation_data_first, [30 x i32]* %linearRegression_layerPopulation_data_second, i32* %linearRegression_residuals_size_s, [30 x i32]* %linearRegression_residuals_data_first, [30 x i32]* %linearRegression_residuals_data_second_size_s, [300 x float]* %linearRegression_residuals_data_second_data_phi, [300 x float]* %linearRegression_residuals_data_second_data_z, [300 x i32]* %linearRegression_residuals_data_second_data_layerId, [300 x i32]* %linearRegression_residuals_data_second_data_stubId, [300 x i1]* %linearRegression_residuals_data_second_data_ps, float* %linearRegression_largestResid_phi, float* %linearRegression_largestResid_z, i32* %linearRegression_largestResid_layerId, i32* %linearRegression_largestResid_stubId, i1* %linearRegression_largestResid_ps, i32 %l1track3D_iPhiSec_r, i32 %l1track3D_iEtaReg_r, float %l1track3D_helixRphi_s, float %l1track3D_helixRphi_3, i32 %l1track3D_stubs_siz, [10 x float]* %l1track3D_stubs_data_settings_chosenRofPhi_s, [10 x float]* %l1track3D_stubs_data_settings_chosenRofZ_s, [190 x float]* %l1track3D_stubs_data_settings_etaRegions_s, [10 x i32]* %l1track3D_stubs_data_settings_minNumMatchLayers_s, [10 x i32]* %l1track3D_stubs_data_settings_minPSLayers_s, [10 x float]* %l1track3D_stubs_data_r_s, [10 x float]* %l1track3D_stubs_data_phi_s, [10 x float]* %l1track3D_stubs_data_z_s, [10 x i32]* %l1track3D_stubs_data_layerId_s, [10 x i1]* %l1track3D_stubs_data_psModule_s, [10 x i1]* %l1track3D_stubs_data_barrel_s)" [lr_standaloneHLS/.settings/LRupdateHLS.cpp:9]   --->   Operation 18 'call' 'call_ret1' <Predicate = true> <Delay = 8.41> <CoreType = "Generic">   --->   Core 0 '' <Latency = 0> <II = 1> <Delay = 1.00> <Generic> <Opcode : >

State 2 <SV = 1> <Delay = 8.27>
ST_2 : Operation 19 [1/1] (0.00ns)   --->   "call void (...)* @_ssdm_op_SpecBitsMap(i32* %l1track3D_iPhiSec_s), !map !122"   --->   Operation 19 'specbitsmap' <Predicate = true> <Delay = 0.00>
ST_2 : Operation 20 [1/1] (0.00ns)   --->   "call void (...)* @_ssdm_op_SpecBitsMap(i32* %l1track3D_iEtaReg_s), !map !126"   --->   Operation 20 'specbitsmap' <Predicate = true> <Delay = 0.00>
ST_2 : Operation 21 [1/1] (0.00ns)   --->   "call void (...)* @_ssdm_op_SpecBitsMap(float* %l1track3D_helixRphi_first), !map !130"   --->   Operation 21 'specbitsmap' <Predicate = true> <Delay = 0.00>
ST_2 : Operation 22 [1/1] (0.00ns)   --->   "call void (...)* @_ssdm_op_SpecBitsMap(float* %l1track3D_helixRphi_second), !map !134"   --->   Operation 22 'specbitsmap' <Predicate = true> <Delay = 0.00>
ST_2 : Operation 23 [1/1] (0.00ns)   --->   "call void (...)* @_ssdm_op_SpecBitsMap(i32* %l1track3D_stubs_size_s), !map !138"   --->   Operation 23 'specbitsmap' <Predicate = true> <Delay = 0.00>
ST_2 : Operation 24 [1/1] (0.00ns)   --->   "call void (...)* @_ssdm_op_SpecBitsMap([10 x float]* %l1track3D_stubs_data_settings_chosenRofPhi_s), !map !142"   --->   Operation 24 'specbitsmap' <Predicate = true> <Delay = 0.00>
ST_2 : Operation 25 [1/1] (0.00ns)   --->   "call void (...)* @_ssdm_op_SpecBitsMap([10 x float]* %l1track3D_stubs_data_settings_chosenRofZ_s), !map !148"   --->   Operation 25 'specbitsmap' <Predicate = true> <Delay = 0.00>
ST_2 : Operation 26 [1/1] (0.00ns)   --->   "call void (...)* @_ssdm_op_SpecBitsMap([190 x float]* %l1track3D_stubs_data_settings_etaRegions_s), !map !152"   --->   Operation 26 'specbitsmap' <Predicate = true> <Delay = 0.00>
ST_2 : Operation 27 [1/1] (0.00ns)   --->   "call void (...)* @_ssdm_op_SpecBitsMap([10 x i32]* %l1track3D_stubs_data_settings_minNumMatchLayers_s), !map !158"   --->   Operation 27 'specbitsmap' <Predicate = true> <Delay = 0.00>
ST_2 : Operation 28 [1/1] (0.00ns)   --->   "call void (...)* @_ssdm_op_SpecBitsMap([10 x i32]* %l1track3D_stubs_data_settings_minPSLayers_s), !map !162"   --->   Operation 28 'specbitsmap' <Predicate = true> <Delay = 0.00>
ST_2 : Operation 29 [1/1] (0.00ns)   --->   "call void (...)* @_ssdm_op_SpecBitsMap([10 x float]* %l1track3D_stubs_data_r_s), !map !166"   --->   Operation 29 'specbitsmap' <Predicate = true> <Delay = 0.00>
ST_2 : Operation 30 [1/1] (0.00ns)   --->   "call void (...)* @_ssdm_op_SpecBitsMap([10 x float]* %l1track3D_stubs_data_phi_s), !map !170"   --->   Operation 30 'specbitsmap' <Predicate = true> <Delay = 0.00>
ST_2 : Operation 31 [1/1] (0.00ns)   --->   "call void (...)* @_ssdm_op_SpecBitsMap([10 x float]* %l1track3D_stubs_data_z_s), !map !174"   --->   Operation 31 'specbitsmap' <Predicate = true> <Delay = 0.00>
ST_2 : Operation 32 [1/1] (0.00ns)   --->   "call void (...)* @_ssdm_op_SpecBitsMap([10 x i32]* %l1track3D_stubs_data_layerId_s), !map !178"   --->   Operation 32 'specbitsmap' <Predicate = true> <Delay = 0.00>
ST_2 : Operation 33 [1/1] (0.00ns)   --->   "call void (...)* @_ssdm_op_SpecBitsMap([10 x i1]* %l1track3D_stubs_data_psModule_s), !map !182"   --->   Operation 33 'specbitsmap' <Predicate = true> <Delay = 0.00>
ST_2 : Operation 34 [1/1] (0.00ns)   --->   "call void (...)* @_ssdm_op_SpecBitsMap([10 x i1]* %l1track3D_stubs_data_barrel_s), !map !186"   --->   Operation 34 'specbitsmap' <Predicate = true> <Delay = 0.00>
ST_2 : Operation 35 [1/1] (0.00ns)   --->   "call void (...)* @_ssdm_op_SpecBitsMap(float* %linearRegression_settings_chosenRofPhi_s), !map !190"   --->   Operation 35 'specbitsmap' <Predicate = true> <Delay = 0.00>
ST_2 : Operation 36 [1/1] (0.00ns)   --->   "call void (...)* @_ssdm_op_SpecBitsMap(float* %linearRegression_settings_chosenRofZ_s), !map !194"   --->   Operation 36 'specbitsmap' <Predicate = true> <Delay = 0.00>
ST_2 : Operation 37 [1/1] (0.00ns)   --->   "call void (...)* @_ssdm_op_SpecBitsMap([19 x float]* %linearRegression_settings_etaRegions_s), !map !198"   --->   Operation 37 'specbitsmap' <Predicate = true> <Delay = 0.00>
ST_2 : Operation 38 [1/1] (0.00ns)   --->   "call void (...)* @_ssdm_op_SpecBitsMap(i32* %linearRegression_settings_minNumMatchLayers_s), !map !203"   --->   Operation 38 'specbitsmap' <Predicate = true> <Delay = 0.00>
ST_2 : Operation 39 [1/1] (0.00ns)   --->   "call void (...)* @_ssdm_op_SpecBitsMap(i32* %linearRegression_settings_minPSLayers_s), !map !207"   --->   Operation 39 'specbitsmap' <Predicate = true> <Delay = 0.00>
ST_2 : Operation 40 [1/1] (0.00ns)   --->   "call void (...)* @_ssdm_op_SpecBitsMap(i32* %linearRegression_iPhiSec_s), !map !211"   --->   Operation 40 'specbitsmap' <Predicate = true> <Delay = 0.00>
ST_2 : Operation 41 [1/1] (0.00ns)   --->   "call void (...)* @_ssdm_op_SpecBitsMap(i32* %linearRegression_iEtaReg_s), !map !215"   --->   Operation 41 'specbitsmap' <Predicate = true> <Delay = 0.00>
ST_2 : Operation 42 [1/1] (0.00ns)   --->   "call void (...)* @_ssdm_op_SpecBitsMap(i32* %linearRegression_nIterations_s), !map !219"   --->   Operation 42 'specbitsmap' <Predicate = true> <Delay = 0.00>
ST_2 : Operation 43 [1/1] (0.00ns)   --->   "call void (...)* @_ssdm_op_SpecBitsMap(float* %linearRegression_HTParameter_qOverPt), !map !223"   --->   Operation 43 'specbitsmap' <Predicate = true> <Delay = 0.00>
ST_2 : Operation 44 [1/1] (0.00ns)   --->   "call void (...)* @_ssdm_op_SpecBitsMap(float* %linearRegression_HTParameter_phiT), !map !227"   --->   Operation 44 'specbitsmap' <Predicate = true> <Delay = 0.00>
ST_2 : Operation 45 [1/1] (0.00ns)   --->   "call void (...)* @_ssdm_op_SpecBitsMap(float* %linearRegression_HTParameter_cotTheta), !map !231"   --->   Operation 45 'specbitsmap' <Predicate = true> <Delay = 0.00>
ST_2 : Operation 46 [1/1] (0.00ns)   --->   "call void (...)* @_ssdm_op_SpecBitsMap(float* %linearRegression_HTParameter_zT), !map !235"   --->   Operation 46 'specbitsmap' <Predicate = true> <Delay = 0.00>
ST_2 : Operation 47 [1/1] (0.00ns)   --->   "call void (...)* @_ssdm_op_SpecBitsMap(float* %linearRegression_LRParameter_qOverPt), !map !239"   --->   Operation 47 'specbitsmap' <Predicate = true> <Delay = 0.00>
ST_2 : Operation 48 [1/1] (0.00ns)   --->   "call void (...)* @_ssdm_op_SpecBitsMap(float* %linearRegression_LRParameter_phiT), !map !243"   --->   Operation 48 'specbitsmap' <Predicate = true> <Delay = 0.00>
ST_2 : Operation 49 [1/1] (0.00ns)   --->   "call void (...)* @_ssdm_op_SpecBitsMap(float* %linearRegression_LRParameter_cotTheta), !map !247"   --->   Operation 49 'specbitsmap' <Predicate = true> <Delay = 0.00>
ST_2 : Operation 50 [1/1] (0.00ns)   --->   "call void (...)* @_ssdm_op_SpecBitsMap(float* %linearRegression_LRParameter_zT), !map !251"   --->   Operation 50 'specbitsmap' <Predicate = true> <Delay = 0.00>
ST_2 : Operation 51 [1/1] (0.00ns)   --->   "call void (...)* @_ssdm_op_SpecBitsMap(i32* %linearRegression_stubs_size_s), !map !255"   --->   Operation 51 'specbitsmap' <Predicate = true> <Delay = 0.00>
ST_2 : Operation 52 [1/1] (0.00ns)   --->   "call void (...)* @_ssdm_op_SpecBitsMap([10 x float]* %linearRegression_stubs_data_settings_chosenRofPhi_s), !map !259"   --->   Operation 52 'specbitsmap' <Predicate = true> <Delay = 0.00>
ST_2 : Operation 53 [1/1] (0.00ns)   --->   "call void (...)* @_ssdm_op_SpecBitsMap([10 x float]* %linearRegression_stubs_data_settings_chosenRofZ_s), !map !263"   --->   Operation 53 'specbitsmap' <Predicate = true> <Delay = 0.00>
ST_2 : Operation 54 [1/1] (0.00ns)   --->   "call void (...)* @_ssdm_op_SpecBitsMap([190 x float]* %linearRegression_stubs_data_settings_etaRegions_s), !map !267"   --->   Operation 54 'specbitsmap' <Predicate = true> <Delay = 0.00>
ST_2 : Operation 55 [1/1] (0.00ns)   --->   "call void (...)* @_ssdm_op_SpecBitsMap([10 x i32]* %linearRegression_stubs_data_settings_minNumMatchLayers_s), !map !271"   --->   Operation 55 'specbitsmap' <Predicate = true> <Delay = 0.00>
ST_2 : Operation 56 [1/1] (0.00ns)   --->   "call void (...)* @_ssdm_op_SpecBitsMap([10 x i32]* %linearRegression_stubs_data_settings_minPSLayers_s), !map !275"   --->   Operation 56 'specbitsmap' <Predicate = true> <Delay = 0.00>
ST_2 : Operation 57 [1/1] (0.00ns)   --->   "call void (...)* @_ssdm_op_SpecBitsMap([10 x float]* %linearRegression_stubs_data_r_s), !map !279"   --->   Operation 57 'specbitsmap' <Predicate = true> <Delay = 0.00>
ST_2 : Operation 58 [1/1] (0.00ns)   --->   "call void (...)* @_ssdm_op_SpecBitsMap([10 x float]* %linearRegression_stubs_data_phi_s), !map !283"   --->   Operation 58 'specbitsmap' <Predicate = true> <Delay = 0.00>
ST_2 : Operation 59 [1/1] (0.00ns)   --->   "call void (...)* @_ssdm_op_SpecBitsMap([10 x float]* %linearRegression_stubs_data_z_s), !map !287"   --->   Operation 59 'specbitsmap' <Predicate = true> <Delay = 0.00>
ST_2 : Operation 60 [1/1] (0.00ns)   --->   "call void (...)* @_ssdm_op_SpecBitsMap([10 x i32]* %linearRegression_stubs_data_layerId_s), !map !291"   --->   Operation 60 'specbitsmap' <Predicate = true> <Delay = 0.00>
ST_2 : Operation 61 [1/1] (0.00ns)   --->   "call void (...)* @_ssdm_op_SpecBitsMap([10 x i1]* %linearRegression_stubs_data_psModule_s), !map !295"   --->   Operation 61 'specbitsmap' <Predicate = true> <Delay = 0.00>
ST_2 : Operation 62 [1/1] (0.00ns)   --->   "call void (...)* @_ssdm_op_SpecBitsMap([10 x i1]* %linearRegression_stubs_data_barrel_s), !map !299"   --->   Operation 62 'specbitsmap' <Predicate = true> <Delay = 0.00>
ST_2 : Operation 63 [1/1] (0.00ns)   --->   "call void (...)* @_ssdm_op_SpecBitsMap(i1* %linearRegression_valid_s), !map !303"   --->   Operation 63 'specbitsmap' <Predicate = true> <Delay = 0.00>
ST_2 : Operation 64 [1/1] (0.00ns)   --->   "call void (...)* @_ssdm_op_SpecBitsMap(i32* %linearRegression_stubMap_size_s), !map !307"   --->   Operation 64 'specbitsmap' <Predicate = true> <Delay = 0.00>
ST_2 : Operation 65 [1/1] (0.00ns)   --->   "call void (...)* @_ssdm_op_SpecBitsMap([30 x i32]* %linearRegression_stubMap_data_first), !map !311"   --->   Operation 65 'specbitsmap' <Predicate = true> <Delay = 0.00>
ST_2 : Operation 66 [1/1] (0.00ns)   --->   "call void (...)* @_ssdm_op_SpecBitsMap([30 x i32]* %linearRegression_stubMap_data_second_size_s), !map !317"   --->   Operation 66 'specbitsmap' <Predicate = true> <Delay = 0.00>
ST_2 : Operation 67 [1/1] (0.00ns)   --->   "call void (...)* @_ssdm_op_SpecBitsMap([300 x float]* %linearRegression_stubMap_data_second_data_settings_chosenRofPhi_s), !map !321"   --->   Operation 67 'specbitsmap' <Predicate = true> <Delay = 0.00>
ST_2 : Operation 68 [1/1] (0.00ns)   --->   "call void (...)* @_ssdm_op_SpecBitsMap([300 x float]* %linearRegression_stubMap_data_second_data_settings_chosenRofZ_s), !map !326"   --->   Operation 68 'specbitsmap' <Predicate = true> <Delay = 0.00>
ST_2 : Operation 69 [1/1] (0.00ns)   --->   "call void (...)* @_ssdm_op_SpecBitsMap([5700 x float]* %linearRegression_stubMap_data_second_data_settings_etaRegions_s), !map !330"   --->   Operation 69 'specbitsmap' <Predicate = true> <Delay = 0.00>
ST_2 : Operation 70 [1/1] (0.00ns)   --->   "call void (...)* @_ssdm_op_SpecBitsMap([300 x i32]* %linearRegression_stubMap_data_second_data_settings_minNumMatchLayers_s), !map !335"   --->   Operation 70 'specbitsmap' <Predicate = true> <Delay = 0.00>
ST_2 : Operation 71 [1/1] (0.00ns)   --->   "call void (...)* @_ssdm_op_SpecBitsMap([300 x i32]* %linearRegression_stubMap_data_second_data_settings_minPSLayers_s), !map !339"   --->   Operation 71 'specbitsmap' <Predicate = true> <Delay = 0.00>
ST_2 : Operation 72 [1/1] (0.00ns)   --->   "call void (...)* @_ssdm_op_SpecBitsMap([300 x float]* %linearRegression_stubMap_data_second_data_r_s), !map !343"   --->   Operation 72 'specbitsmap' <Predicate = true> <Delay = 0.00>
ST_2 : Operation 73 [1/1] (0.00ns)   --->   "call void (...)* @_ssdm_op_SpecBitsMap([300 x float]* %linearRegression_stubMap_data_second_data_phi_s), !map !347"   --->   Operation 73 'specbitsmap' <Predicate = true> <Delay = 0.00>
ST_2 : Operation 74 [1/1] (0.00ns)   --->   "call void (...)* @_ssdm_op_SpecBitsMap([300 x float]* %linearRegression_stubMap_data_second_data_z_s), !map !351"   --->   Operation 74 'specbitsmap' <Predicate = true> <Delay = 0.00>
ST_2 : Operation 75 [1/1] (0.00ns)   --->   "call void (...)* @_ssdm_op_SpecBitsMap([300 x i32]* %linearRegression_stubMap_data_second_data_layerId_s), !map !355"   --->   Operation 75 'specbitsmap' <Predicate = true> <Delay = 0.00>
ST_2 : Operation 76 [1/1] (0.00ns)   --->   "call void (...)* @_ssdm_op_SpecBitsMap([300 x i1]* %linearRegression_stubMap_data_second_data_psModule_s), !map !359"   --->   Operation 76 'specbitsmap' <Predicate = true> <Delay = 0.00>
ST_2 : Operation 77 [1/1] (0.00ns)   --->   "call void (...)* @_ssdm_op_SpecBitsMap([300 x i1]* %linearRegression_stubMap_data_second_data_barrel_s), !map !363"   --->   Operation 77 'specbitsmap' <Predicate = true> <Delay = 0.00>
ST_2 : Operation 78 [1/1] (0.00ns)   --->   "call void (...)* @_ssdm_op_SpecBitsMap(i32* %linearRegression_layerPopulation_size_s), !map !367"   --->   Operation 78 'specbitsmap' <Predicate = true> <Delay = 0.00>
ST_2 : Operation 79 [1/1] (0.00ns)   --->   "call void (...)* @_ssdm_op_SpecBitsMap([30 x i32]* %linearRegression_layerPopulation_data_first), !map !371"   --->   Operation 79 'specbitsmap' <Predicate = true> <Delay = 0.00>
ST_2 : Operation 80 [1/1] (0.00ns)   --->   "call void (...)* @_ssdm_op_SpecBitsMap([30 x i32]* %linearRegression_layerPopulation_data_second), !map !375"   --->   Operation 80 'specbitsmap' <Predicate = true> <Delay = 0.00>
ST_2 : Operation 81 [1/1] (0.00ns)   --->   "call void (...)* @_ssdm_op_SpecBitsMap(i32* %linearRegression_residuals_size_s), !map !379"   --->   Operation 81 'specbitsmap' <Predicate = true> <Delay = 0.00>
ST_2 : Operation 82 [1/1] (0.00ns)   --->   "call void (...)* @_ssdm_op_SpecBitsMap([30 x i32]* %linearRegression_residuals_data_first), !map !383"   --->   Operation 82 'specbitsmap' <Predicate = true> <Delay = 0.00>
ST_2 : Operation 83 [1/1] (0.00ns)   --->   "call void (...)* @_ssdm_op_SpecBitsMap([30 x i32]* %linearRegression_residuals_data_second_size_s), !map !387"   --->   Operation 83 'specbitsmap' <Predicate = true> <Delay = 0.00>
ST_2 : Operation 84 [1/1] (0.00ns)   --->   "call void (...)* @_ssdm_op_SpecBitsMap([300 x float]* %linearRegression_residuals_data_second_data_phi), !map !391"   --->   Operation 84 'specbitsmap' <Predicate = true> <Delay = 0.00>
ST_2 : Operation 85 [1/1] (0.00ns)   --->   "call void (...)* @_ssdm_op_SpecBitsMap([300 x float]* %linearRegression_residuals_data_second_data_z), !map !395"   --->   Operation 85 'specbitsmap' <Predicate = true> <Delay = 0.00>
ST_2 : Operation 86 [1/1] (0.00ns)   --->   "call void (...)* @_ssdm_op_SpecBitsMap([300 x i32]* %linearRegression_residuals_data_second_data_layerId), !map !399"   --->   Operation 86 'specbitsmap' <Predicate = true> <Delay = 0.00>
ST_2 : Operation 87 [1/1] (0.00ns)   --->   "call void (...)* @_ssdm_op_SpecBitsMap([300 x i32]* %linearRegression_residuals_data_second_data_stubId), !map !403"   --->   Operation 87 'specbitsmap' <Predicate = true> <Delay = 0.00>
ST_2 : Operation 88 [1/1] (0.00ns)   --->   "call void (...)* @_ssdm_op_SpecBitsMap([300 x i1]* %linearRegression_residuals_data_second_data_ps), !map !407"   --->   Operation 88 'specbitsmap' <Predicate = true> <Delay = 0.00>
ST_2 : Operation 89 [1/1] (0.00ns)   --->   "call void (...)* @_ssdm_op_SpecBitsMap(float* %linearRegression_largestResid_phi), !map !411"   --->   Operation 89 'specbitsmap' <Predicate = true> <Delay = 0.00>
ST_2 : Operation 90 [1/1] (0.00ns)   --->   "call void (...)* @_ssdm_op_SpecBitsMap(float* %linearRegression_largestResid_z), !map !415"   --->   Operation 90 'specbitsmap' <Predicate = true> <Delay = 0.00>
ST_2 : Operation 91 [1/1] (0.00ns)   --->   "call void (...)* @_ssdm_op_SpecBitsMap(i32* %linearRegression_largestResid_layerId), !map !419"   --->   Operation 91 'specbitsmap' <Predicate = true> <Delay = 0.00>
ST_2 : Operation 92 [1/1] (0.00ns)   --->   "call void (...)* @_ssdm_op_SpecBitsMap(i32* %linearRegression_largestResid_stubId), !map !423"   --->   Operation 92 'specbitsmap' <Predicate = true> <Delay = 0.00>
ST_2 : Operation 93 [1/1] (0.00ns)   --->   "call void (...)* @_ssdm_op_SpecBitsMap(i1* %linearRegression_largestResid_ps), !map !427"   --->   Operation 93 'specbitsmap' <Predicate = true> <Delay = 0.00>
ST_2 : Operation 94 [1/1] (0.00ns)   --->   "call void (...)* @_ssdm_op_SpecTopModule([12 x i8]* @LRupdateHLS_str) nounwind"   --->   Operation 94 'spectopmodule' <Predicate = true> <Delay = 0.00>
ST_2 : Operation 95 [1/2] (8.27ns)   --->   "%call_ret1 = call fastcc { i32, i32, i32, i1, float, float, float, float, i32, float, float, float, float, i32, i32 } @fit(float %linearRegression_set_2, float %linearRegression_set_3, [19 x float]* %linearRegression_settings_etaRegions_s, i32 %linearRegression_set, i32 %linearRegression_set_1, float %linearRegression_LRP, float %linearRegression_LRP_1, float %linearRegression_LRP_2, float %linearRegression_LRP_3, [10 x float]* %linearRegression_stubs_data_settings_chosenRofPhi_s, [10 x float]* %linearRegression_stubs_data_settings_chosenRofZ_s, [190 x float]* %linearRegression_stubs_data_settings_etaRegions_s, [10 x i32]* %linearRegression_stubs_data_settings_minNumMatchLayers_s, [10 x i32]* %linearRegression_stubs_data_settings_minPSLayers_s, [10 x float]* %linearRegression_stubs_data_r_s, [10 x float]* %linearRegression_stubs_data_phi_s, [10 x float]* %linearRegression_stubs_data_z_s, [10 x i32]* %linearRegression_stubs_data_layerId_s, [10 x i1]* %linearRegression_stubs_data_psModule_s, [10 x i1]* %linearRegression_stubs_data_barrel_s, i32 %linearRegression_stu, [30 x i32]* %linearRegression_stubMap_data_first, [30 x i32]* %linearRegression_stubMap_data_second_size_s, [300 x float]* %linearRegression_stubMap_data_second_data_settings_chosenRofPhi_s, [300 x float]* %linearRegression_stubMap_data_second_data_settings_chosenRofZ_s, [5700 x float]* %linearRegression_stubMap_data_second_data_settings_etaRegions_s, [300 x i32]* %linearRegression_stubMap_data_second_data_settings_minNumMatchLayers_s, [300 x i32]* %linearRegression_stubMap_data_second_data_settings_minPSLayers_s, [300 x float]* %linearRegression_stubMap_data_second_data_r_s, [300 x float]* %linearRegression_stubMap_data_second_data_phi_s, [300 x float]* %linearRegression_stubMap_data_second_data_z_s, [300 x i32]* %linearRegression_stubMap_data_second_data_layerId_s, [300 x i1]* %linearRegression_stubMap_data_second_data_psModule_s, [300 x i1]* %linearRegression_stubMap_data_second_data_barrel_s, i32 %linearRegression_lay, [30 x i32]* %linearRegression_layerPopulation_data_first, [30 x i32]* %linearRegression_layerPopulation_data_second, i32* %linearRegression_residuals_size_s, [30 x i32]* %linearRegression_residuals_data_first, [30 x i32]* %linearRegression_residuals_data_second_size_s, [300 x float]* %linearRegression_residuals_data_second_data_phi, [300 x float]* %linearRegression_residuals_data_second_data_z, [300 x i32]* %linearRegression_residuals_data_second_data_layerId, [300 x i32]* %linearRegression_residuals_data_second_data_stubId, [300 x i1]* %linearRegression_residuals_data_second_data_ps, float* %linearRegression_largestResid_phi, float* %linearRegression_largestResid_z, i32* %linearRegression_largestResid_layerId, i32* %linearRegression_largestResid_stubId, i1* %linearRegression_largestResid_ps, i32 %l1track3D_iPhiSec_r, i32 %l1track3D_iEtaReg_r, float %l1track3D_helixRphi_s, float %l1track3D_helixRphi_3, i32 %l1track3D_stubs_siz, [10 x float]* %l1track3D_stubs_data_settings_chosenRofPhi_s, [10 x float]* %l1track3D_stubs_data_settings_chosenRofZ_s, [190 x float]* %l1track3D_stubs_data_settings_etaRegions_s, [10 x i32]* %l1track3D_stubs_data_settings_minNumMatchLayers_s, [10 x i32]* %l1track3D_stubs_data_settings_minPSLayers_s, [10 x float]* %l1track3D_stubs_data_r_s, [10 x float]* %l1track3D_stubs_data_phi_s, [10 x float]* %l1track3D_stubs_data_z_s, [10 x i32]* %l1track3D_stubs_data_layerId_s, [10 x i1]* %l1track3D_stubs_data_psModule_s, [10 x i1]* %l1track3D_stubs_data_barrel_s)" [lr_standaloneHLS/.settings/LRupdateHLS.cpp:9]   --->   Operation 95 'call' 'call_ret1' <Predicate = true> <Delay = 8.27> <CoreType = "Generic">   --->   Core 0 '' <Latency = 0> <II = 1> <Delay = 1.00> <Generic> <Opcode : >
ST_2 : Operation 96 [1/1] (0.00ns)   --->   "%newret = extractvalue { i32, i32, i32, i1, float, float, float, float, i32, float, float, float, float, i32, i32 } %call_ret1, 0" [lr_standaloneHLS/.settings/LRupdateHLS.cpp:9]   --->   Operation 96 'extractvalue' 'newret' <Predicate = true> <Delay = 0.00>
ST_2 : Operation 97 [1/1] (0.00ns)   --->   "%newret19 = extractvalue { i32, i32, i32, i1, float, float, float, float, i32, float, float, float, float, i32, i32 } %call_ret1, 1" [lr_standaloneHLS/.settings/LRupdateHLS.cpp:9]   --->   Operation 97 'extractvalue' 'newret19' <Predicate = true> <Delay = 0.00>
ST_2 : Operation 98 [1/1] (0.00ns)   --->   "%newret20 = extractvalue { i32, i32, i32, i1, float, float, float, float, i32, float, float, float, float, i32, i32 } %call_ret1, 2" [lr_standaloneHLS/.settings/LRupdateHLS.cpp:9]   --->   Operation 98 'extractvalue' 'newret20' <Predicate = true> <Delay = 0.00>
ST_2 : Operation 99 [1/1] (0.00ns)   --->   "%newret21 = extractvalue { i32, i32, i32, i1, float, float, float, float, i32, float, float, float, float, i32, i32 } %call_ret1, 3" [lr_standaloneHLS/.settings/LRupdateHLS.cpp:9]   --->   Operation 99 'extractvalue' 'newret21' <Predicate = true> <Delay = 0.00>
ST_2 : Operation 100 [1/1] (0.00ns)   --->   "%newret22 = extractvalue { i32, i32, i32, i1, float, float, float, float, i32, float, float, float, float, i32, i32 } %call_ret1, 4" [lr_standaloneHLS/.settings/LRupdateHLS.cpp:9]   --->   Operation 100 'extractvalue' 'newret22' <Predicate = true> <Delay = 0.00>
ST_2 : Operation 101 [1/1] (0.00ns)   --->   "%newret23 = extractvalue { i32, i32, i32, i1, float, float, float, float, i32, float, float, float, float, i32, i32 } %call_ret1, 5" [lr_standaloneHLS/.settings/LRupdateHLS.cpp:9]   --->   Operation 101 'extractvalue' 'newret23' <Predicate = true> <Delay = 0.00>
ST_2 : Operation 102 [1/1] (0.00ns)   --->   "%newret24 = extractvalue { i32, i32, i32, i1, float, float, float, float, i32, float, float, float, float, i32, i32 } %call_ret1, 6" [lr_standaloneHLS/.settings/LRupdateHLS.cpp:9]   --->   Operation 102 'extractvalue' 'newret24' <Predicate = true> <Delay = 0.00>
ST_2 : Operation 103 [1/1] (0.00ns)   --->   "%newret25 = extractvalue { i32, i32, i32, i1, float, float, float, float, i32, float, float, float, float, i32, i32 } %call_ret1, 7" [lr_standaloneHLS/.settings/LRupdateHLS.cpp:9]   --->   Operation 103 'extractvalue' 'newret25' <Predicate = true> <Delay = 0.00>
ST_2 : Operation 104 [1/1] (0.00ns)   --->   "%newret26 = extractvalue { i32, i32, i32, i1, float, float, float, float, i32, float, float, float, float, i32, i32 } %call_ret1, 8" [lr_standaloneHLS/.settings/LRupdateHLS.cpp:9]   --->   Operation 104 'extractvalue' 'newret26' <Predicate = true> <Delay = 0.00>
ST_2 : Operation 105 [1/1] (0.00ns)   --->   "%newret27 = extractvalue { i32, i32, i32, i1, float, float, float, float, i32, float, float, float, float, i32, i32 } %call_ret1, 9" [lr_standaloneHLS/.settings/LRupdateHLS.cpp:9]   --->   Operation 105 'extractvalue' 'newret27' <Predicate = true> <Delay = 0.00>
ST_2 : Operation 106 [1/1] (0.00ns)   --->   "%newret28 = extractvalue { i32, i32, i32, i1, float, float, float, float, i32, float, float, float, float, i32, i32 } %call_ret1, 10" [lr_standaloneHLS/.settings/LRupdateHLS.cpp:9]   --->   Operation 106 'extractvalue' 'newret28' <Predicate = true> <Delay = 0.00>
ST_2 : Operation 107 [1/1] (0.00ns)   --->   "%newret29 = extractvalue { i32, i32, i32, i1, float, float, float, float, i32, float, float, float, float, i32, i32 } %call_ret1, 11" [lr_standaloneHLS/.settings/LRupdateHLS.cpp:9]   --->   Operation 107 'extractvalue' 'newret29' <Predicate = true> <Delay = 0.00>
ST_2 : Operation 108 [1/1] (0.00ns)   --->   "%newret30 = extractvalue { i32, i32, i32, i1, float, float, float, float, i32, float, float, float, float, i32, i32 } %call_ret1, 12" [lr_standaloneHLS/.settings/LRupdateHLS.cpp:9]   --->   Operation 108 'extractvalue' 'newret30' <Predicate = true> <Delay = 0.00>
ST_2 : Operation 109 [1/1] (0.00ns)   --->   "%newret31 = extractvalue { i32, i32, i32, i1, float, float, float, float, i32, float, float, float, float, i32, i32 } %call_ret1, 13" [lr_standaloneHLS/.settings/LRupdateHLS.cpp:9]   --->   Operation 109 'extractvalue' 'newret31' <Predicate = true> <Delay = 0.00>
ST_2 : Operation 110 [1/1] (0.00ns)   --->   "%newret32 = extractvalue { i32, i32, i32, i1, float, float, float, float, i32, float, float, float, float, i32, i32 } %call_ret1, 14" [lr_standaloneHLS/.settings/LRupdateHLS.cpp:9]   --->   Operation 110 'extractvalue' 'newret32' <Predicate = true> <Delay = 0.00>
ST_2 : Operation 111 [1/1] (0.00ns)   --->   "call void @_ssdm_op_Write.ap_auto.i32P(i32* %linearRegression_stubMap_size_s, i32 %newret31)" [lr_standaloneHLS/.settings/LRupdateHLS.cpp:9]   --->   Operation 111 'write' <Predicate = true> <Delay = 0.00>
ST_2 : Operation 112 [1/1] (0.00ns)   --->   "call void @_ssdm_op_Write.ap_auto.i32P(i32* %linearRegression_layerPopulation_size_s, i32 %newret32)" [lr_standaloneHLS/.settings/LRupdateHLS.cpp:9]   --->   Operation 112 'write' <Predicate = true> <Delay = 0.00>
ST_2 : Operation 113 [1/1] (0.00ns)   --->   "call void @_ssdm_op_Write.ap_auto.floatP(float* %linearRegression_LRParameter_qOverPt, float %newret27)" [lr_standaloneHLS/.settings/LRupdateHLS.cpp:9]   --->   Operation 113 'write' <Predicate = true> <Delay = 0.00>
ST_2 : Operation 114 [1/1] (0.00ns)   --->   "call void @_ssdm_op_Write.ap_auto.floatP(float* %linearRegression_LRParameter_phiT, float %newret28)" [lr_standaloneHLS/.settings/LRupdateHLS.cpp:9]   --->   Operation 114 'write' <Predicate = true> <Delay = 0.00>
ST_2 : Operation 115 [1/1] (0.00ns)   --->   "call void @_ssdm_op_Write.ap_auto.floatP(float* %linearRegression_LRParameter_cotTheta, float %newret29)" [lr_standaloneHLS/.settings/LRupdateHLS.cpp:9]   --->   Operation 115 'write' <Predicate = true> <Delay = 0.00>
ST_2 : Operation 116 [1/1] (0.00ns)   --->   "call void @_ssdm_op_Write.ap_auto.floatP(float* %linearRegression_LRParameter_zT, float %newret30)" [lr_standaloneHLS/.settings/LRupdateHLS.cpp:9]   --->   Operation 116 'write' <Predicate = true> <Delay = 0.00>
ST_2 : Operation 117 [1/1] (0.00ns)   --->   "call void @_ssdm_op_Write.ap_auto.i32P(i32* %linearRegression_stubs_size_s, i32 %newret26)" [lr_standaloneHLS/.settings/LRupdateHLS.cpp:9]   --->   Operation 117 'write' <Predicate = true> <Delay = 0.00>
ST_2 : Operation 118 [1/1] (0.00ns)   --->   "call void @_ssdm_op_Write.ap_auto.floatP(float* %linearRegression_HTParameter_qOverPt, float %newret22)" [lr_standaloneHLS/.settings/LRupdateHLS.cpp:9]   --->   Operation 118 'write' <Predicate = true> <Delay = 0.00>
ST_2 : Operation 119 [1/1] (0.00ns)   --->   "call void @_ssdm_op_Write.ap_auto.floatP(float* %linearRegression_HTParameter_phiT, float %newret23)" [lr_standaloneHLS/.settings/LRupdateHLS.cpp:9]   --->   Operation 119 'write' <Predicate = true> <Delay = 0.00>
ST_2 : Operation 120 [1/1] (0.00ns)   --->   "call void @_ssdm_op_Write.ap_auto.floatP(float* %linearRegression_HTParameter_cotTheta, float %newret24)" [lr_standaloneHLS/.settings/LRupdateHLS.cpp:9]   --->   Operation 120 'write' <Predicate = true> <Delay = 0.00>
ST_2 : Operation 121 [1/1] (0.00ns)   --->   "call void @_ssdm_op_Write.ap_auto.floatP(float* %linearRegression_HTParameter_zT, float %newret25)" [lr_standaloneHLS/.settings/LRupdateHLS.cpp:9]   --->   Operation 121 'write' <Predicate = true> <Delay = 0.00>
ST_2 : Operation 122 [1/1] (0.00ns)   --->   "call void @_ssdm_op_Write.ap_auto.i32P(i32* %linearRegression_iPhiSec_s, i32 %newret)" [lr_standaloneHLS/.settings/LRupdateHLS.cpp:9]   --->   Operation 122 'write' <Predicate = true> <Delay = 0.00>
ST_2 : Operation 123 [1/1] (0.00ns)   --->   "call void @_ssdm_op_Write.ap_auto.i32P(i32* %linearRegression_iEtaReg_s, i32 %newret19)" [lr_standaloneHLS/.settings/LRupdateHLS.cpp:9]   --->   Operation 123 'write' <Predicate = true> <Delay = 0.00>
ST_2 : Operation 124 [1/1] (0.00ns)   --->   "call void @_ssdm_op_Write.ap_auto.i32P(i32* %linearRegression_nIterations_s, i32 %newret20)" [lr_standaloneHLS/.settings/LRupdateHLS.cpp:9]   --->   Operation 124 'write' <Predicate = true> <Delay = 0.00>
ST_2 : Operation 125 [1/1] (0.00ns)   --->   "call void @_ssdm_op_Write.ap_auto.i1P(i1* %linearRegression_valid_s, i1 %newret21)" [lr_standaloneHLS/.settings/LRupdateHLS.cpp:9]   --->   Operation 125 'write' <Predicate = true> <Delay = 0.00>
ST_2 : Operation 126 [1/1] (0.00ns)   --->   "ret void" [lr_standaloneHLS/.settings/LRupdateHLS.cpp:10]   --->   Operation 126 'ret' <Predicate = true> <Delay = 0.00>


============================================================
+ Verbose Summary: Timing violations
============================================================
Target clock period: 10ns, clock uncertainty: 1.25ns.

 <State 1>: 8.42ns
The critical path consists of the following:
	wire read on port 'linearRegression_settings_minNumMatchLayers_s' (lr_standaloneHLS/.settings/LRupdateHLS.cpp:9) [153]  (0 ns)
	'call' operation ('call_ret1', lr_standaloneHLS/.settings/LRupdateHLS.cpp:9) to 'fit' [168]  (8.42 ns)

 <State 2>: 8.27ns
The critical path consists of the following:
	'call' operation ('call_ret1', lr_standaloneHLS/.settings/LRupdateHLS.cpp:9) to 'fit' [168]  (8.27 ns)


============================================================
+ Verbose Summary: Binding
============================================================
N/A
* FSMD analyzer results:
  - Output states:
 - Input state : 
  - Chain level:
	State 1
	State 2


============================================================
+ Verbose Summary: Datapath Resource usage 
============================================================
N/A
